202063890    65  1539
202137451    13  1564
202063894    94  1516
202063913    67  1544
202063916    25  1534
202063920    84  1528
202063922     1  1536
202063927   108  1516
202063947    21  1522
202113117    95  1570
202096734   103  1553
202137474    14  1584
202137475    43  1582
202137477    58  1584
202064026   273  1542
202137480    97  1583
202129585     3  1561
202064072    39  1526
202137487    28  1577
202064080   112  1553
202064086    59  1561
202064088    85  1544
202127722    85  1546
202064095     9  1551
202064101    56  1572
202129640     2  1570
202064107    10  1544
202129644     6  1544
202064110   105  1528
202064111    93  1573
202137495    10  1549
202064114     1  1497
202064115    20  1541
202137497    67  1596
202064124     1  1582
202137499    99  1577
202064133     6  1550
202064135     0  1556
202096905    40  1543
202064139     3  1540
202064140     0  1526
202064142    71  1568
202064143    62  1546
202096911    86  1580
202064148    29  1536
202129685     2  1562
202064152     1  1577
202064153     1  1548
202064154    15  1541
202064157   118  1523
202064158    35  1557
202064161    36  1524
202129700     0  1572
202064165    38  1533
202064164     0  1534
202129704     1  1570
202064169   107  1550
202064179    22  1549
202064188    46  1552
202064200    47  1574
202129741     8  1530
202064206    40  1558
202064207    16  1553
202064212    50  1565
