202063890     3  1539
202137451     0  1564
202063894    13  1516
202063913    17  1544
202063916     0  1534
202063920     4  1528
202063922     1  1536
202063927     1  1516
202063947     4  1522
202113117    42  1570
202096734     3  1553
202137474     3  1584
202137475    33  1582
202137477     2  1584
202064026   419  1542
202137480     3  1583
202129585     2  1561
202064072    11  1526
202137487     3  1577
202064080    30  1553
202064086     1  1561
202064088     9  1544
202127722     4  1546
202064095     0  1551
202064101     4  1572
202129640     1  1570
202064107     0  1544
202129644     1  1544
202064110     2  1528
202064111    30  1573
202137495     4  1549
202064114     5  1497
202064115     2  1541
202137497     6  1596
202064124     0  1582
202137499     4  1577
202064133    17  1550
202064135     0  1556
202096905     0  1543
202064139     0  1540
202064140     0  1526
202064142    20  1568
202064143     5  1546
202096911     6  1580
202064148     3  1536
202129685     0  1562
202064152     0  1577
202064153     0  1548
202064154     2  1541
202064157    39  1523
202064158    12  1557
202064161    46  1524
202129700     1  1572
202064165     5  1533
202064164     7  1534
202129704     0  1570
202064169    11  1550
202064179     8  1549
202064188     2  1552
202064200     3  1574
202129741     3  1530
202064206     9  1558
202064207     2  1553
202064212     8  1565
202064214    15  1538
202064218    23  1541
202064219     1  1576
202064221     2  1571
202137517     4  1588
202064235     0  1554
202064247     2  1585
202064251     4  1567
202064253   100  1577
202064262     1  1537
202064269     3  1572
202129811     0  1562
202064293     1  1574
202064298     2  1571
202064316     0  1557
202129860     0  1538
202064331     0  1575
202129871     0  1539
202129874    10  1549
202129878     1  1584
202127772     4  1533
202064353     6  1573
202064364     1  1580
202137546     1  1566
202137547     3  1585
202137551    52  1550
202137558     2  1579
202097202     1  1578
202064435     7  1508
202064436     8  1524
202064438     4  1521
202064439   171  1554
202113592     2  1538
202064447     0  1542
202064449     1  1529
202064451     0  1515
202064452    24  1509
202064454     0  1537
202064462     4  1521
202064463     7  1529
202064472     3  1542
202064473     2  1565
202064491     0  1580
202072443     0  1577
202072446     0  1547
202064516     0  1577
202072447     6  1559
202064526     0  1579
202064530     0  1587
202064531     2  1583
202064532     0  1503
202064534     1  1535
202064535     0  1526
202064539     0  1571
202064541     0  1551
202064549   395  1580
202064550     0  1567
202072453     5  1516
202072455     4  1528
202064566    11  1562
202064574     2  1585
202072458     0  1525
202064584     3  1577
202072461     2  1530
202064619    73  1592
202064620    16  1573
202064622   114  1596
202064623    15  1595
202064624    32  1596
202064633     4  1584
202064638     3  1576
202064641    33  1577
202081038     5  1587
202081039    11  1580
202081040    24  1544
202064656    44  1587
202081042     6  1589
202064659    40  1569
202081049     5  1558
202081050     2  1566
202072476     0  1515
202081065     3  1551
202064683    39  1588
202081068    18  1573
202081070    22  1582
202081077     7  1540
202081079    43  1578
202081080     8  1585
202064700    15  1586
202081089    10  1560
202081104     1  1563
202081105     4  1569
202081106     2  1556
202081110     0  1575
202081111    36  1566
202072488     2  1550
202064729     3  1583
202072489     0  1531
202064732     3  1557
202081120     2  1570
202072490     1  1526
202081122     3  1585
202072491     6  1543
202081129   232  1572
202137621     2  1536
202081131     6  1573
202081132     1  1566
202081140     6  1578
202081142     3  1584
202064759    23  1581
202081144     1  1549
202081145    59  1580
202064761     8  1588
202064763    85  1584
202081150     5  1582
202081151     5  1571
202081153    10  1551
202081163     5  1572
202064787    33  1596
202064788    29  1577
202081175     4  1572
202081179     2  1546
202081180     1  1573
202081181     5  1546
202081183     3  1558
202081186    27  1563
202081188     5  1570
202081189     4  1586
202072504     0  1534
202081193     3  1568
202081199    41  1539
202072506     1  1515
202081201     7  1544
202081203     3  1547
202130358     0  1527
202064825    39  1571
202081210     1  1581
202137637     2  1582
202072508     4  1556
202081218     6  1556
202081226     2  1582
202064842     6  1576
202081233    13  1584
202081238     8  1589
202081239    82  1572
202130395     0  1575
202081249     8  1549
202081251     4  1565
202081252     3  1589
202064867    83  1574
202137645     1  1568
202064872     7  1574
202081257     6  1519
202081258     0  1565
202081259     5  1571
202081262     3  1573
202081263     9  1589
202081264    11  1580
202064880    22  1577
202064883     6  1596
202081270     7  1560
202081271     4  1587
202072520     1  1568
202081273     4  1583
202064894   223  1588
202081280     9  1587
202081281     5  1587
202064898     8  1584
202081287    17  1594
202081296     1  1588
202081297    45  1536
202081307     6  1571
202081312     6  1571
202081313     7  1565
202081315     5  1570
202064932    11  1591
202081320     3  1567
202064938     2  1583
202064941     4  1586
202064942    47  1575
202064943    28  1579
202081331     3  1590
202081332     6  1580
202064947     3  1580
202081335     3  1574
202072534     9  1555
202081345     7  1527
202064966     1  1586
202081351     2  1580
202081358    18  1575
202081359     0  1581
202081361     6  1578
202072538     0  1573
202081367     3  1567
202081372     0  1553
202081374     7  1573
202081376    10  1566
202081377     6  1589
202081383     2  1579
202081389     1  1596
202081390     3  1583
202081393     7  1586
202065012   100  1598
202081397     3  1594
202081398    13  1557
202065014     1  1592
202065018     7  1565
202065020    44  1592
202065021    33  1563
202065024    63  1589
202081409     3  1568
202065025     6  1593
202065026    15  1580
202065027     2  1560
202065033    55  1596
202081420     3  1588
202081423    12  1565
202065039   307  1593
202081426     5  1584
202137682    30  1578
202081440     3  1571
202081441     6  1589
202081442     4  1582
202081443     3  1571
202081450    74  1592
202081455     5  1560
202081458     1  1576
202081464     7  1586
202081468    33  1547
202081470     2  1569
202081475     6  1576
202081483     4  1570
202081490     4  1585
202081495     1  1588
202081496     4  1576
202081497    20  1570
202065115    69  1545
202065116     3  1604
202081501    54  1554
202065117     7  1604
202065118    40  1604
202065119    10  1604
202065120   490  1604
202065121     7  1604
202081507    47  1589
202065122     3  1604
202065123     9  1604
202065124     2  1604
202065125    23  1604
202065126   104  1604
202065127     4  1604
202065128     4  1604
202081515     4  1571
202081516     2  1569
202065129   215  1604
202065130     4  1604
202065131    52  1604
202065132    41  1604
202065133     7  1604
202065134    42  1604
202065135     6  1604
202065136    32  1604
202081525     1  1581
202081526    25  1582
202065137    28  1561
202081530     6  1580
202081531     3  1577
202081532     0  1577
202065147    12  1579
202065150    23  1562
202081537    51  1575
202065155    43  1585
202065157     2  1584
202065158     6  1589
202081543     4  1589
202065159     5  1571
202065160     5  1583
202081546     3  1565
202065161     4  1588
202065162    40  1591
202065163    49  1578
202065164    41  1575
202081551     1  1577
202065165     3  1534
202081553     3  1577
202065169     4  1572
202081555     3  1588
202065170     0  1587
202081559    15  1562
202065178     5  1593
202065179     4  1584
202137707     3  1553
202081566     8  1560
202081567    10  1590
202081580     4  1580
202065197    46  1595
202081586     6  1580
202081587     7  1564
202065204     7  1561
202081590    37  1566
202065206     0  1583
202065207    18  1571
202065208     2  1569
202065209     7  1566
202137713     3  1586
202081597     2  1575
202065213     4  1596
202065216    12  1589
202081603     4  1572
202081605    10  1592
202081609    12  1590
202081611    61  1584
202065230     7  1586
202065231     6  1571
202081617     5  1575
202065234     0  1581
202065236    56  1566
202081623    34  1588
202065239     2  1565
202081629     3  1588
202081630    62  1563
202065247    17  1571
202065248    12  1582
202065250     6  1592
202065254    50  1578
202065255     2  1591
202081642     8  1585
202081643     7  1581
202081644     7  1568
202065259     5  1557
202081646     8  1592
202065261    18  1596
202065264     4  1594
202065268    29  1578
202065269    10  1550
202081654     7  1558
202081655    29  1556
202065270    11  1583
202081657    28  1556
202065271     2  1562
202065272     5  1561
202081660    25  1578
202081661    68  1587
202065273     6  1569
202065274     3  1562
202065278     2  1584
202081665     6  1588
202081666     2  1587
202065279     2  1557
202065283    17  1580
202065284     8  1568
202065288     8  1584
202081676    39  1571
202081677    44  1583
202065293    58  1579
202065297     6  1562
202081682     7  1589
202065298     2  1536
202137731     1  1570
202081687    44  1548
202065304    29  1575
202081689    50  1579
202081691     6  1532
202065307     2  1585
202065311    30  1591
202081696     1  1585
202065312    89  1563
202065314     4  1574
202081704     3  1582
202130856    16  1533
202065322     6  1557
202065323     9  1519
202137735     4  1585
202065326     4  1586
202081713     8  1566
202065332    15  1538
202081718    21  1563
202065337     9  1542
202081725    26  1565
202081731     3  1586
202081732     9  1571
202065354     2  1579
202065357     5  1573
202081743    27  1564
202081744     6  1537
202098133     1  1566
202081755     4  1587
202081757     5  1580
202081761     6  1581
202065377     6  1576
202081769     9  1591
202081772     3  1582
202081773     7  1585
202081774     7  1564
202137749     5  1576
202081779     7  1570
202081787     9  1562
202081788     4  1584
202081791    14  1589
202081792    23  1574
202098176     1  1565
202137753     3  1577
202081797   116  1588
202081799     5  1576
202137754     4  1590
202081805     8  1580
202081809    21  1586
202081810     1  1596
202072627     0  1569
202098201     3  1564
202081823     0  1585
202081827     4  1590
202081834     3  1584
202081837     7  1576
202065471     2  1570
202065472     3  1564
202081857     8  1588
202065475     3  1584
202065500     3  1577
202081888     8  1578
202081893    20  1585
202072645     1  1536
202081901    11  1580
202072646     0  1540
202081906     8  1589
202065529    13  1578
202065543    64  1526
202065545    54  1512
202065552     0  1533
202072653     3  1557
202081943     6  1578
202081949    21  1585
202072657     0  1545
202081969    65  1569
202081971     3  1582
202081984     7  1576
202081985     7  1551
202072664     2  1539
202082039     3  1587
202131202     0  1543
202072680     2  1542
202082081    54  1584
202082084    45  1584
202082115    11  1558
202065748     5  1518
202065755     6  1543
202065757     1  1544
202082150    19  1587
202082159   271  1518
202065775     1  1550
202082174    44  1600
202065799     1  1570
202065800     4  1576
202065801     1  1562
202065802     1  1554
202065805     1  1573
202065807     0  1575
202065808     1  1570
202065809     1  1536
202065810     2  1563
202082195     5  1588
202065811     1  1565
202065812     1  1546
202065813     1  1566
202065814     1  1555
202065815     1  1573
202065816     1  1570
202065818     0  1559
202065819    37  1571
202065820     3  1575
202065823     3  1564
202065824     5  1569
202065826     5  1558
202065827    35  1553
202065828     5  1584
202065829     0  1558
202065830     4  1551
202065831     0  1555
202065832    11  1571
202065834     5  1568
202065835     1  1571
202065836     3  1579
202065837     1  1582
202065838     4  1557
202065840     7  1562
202065841     0  1559
202065842     6  1565
202065845     6  1582
202065846     9  1577
202065849     1  1569
202065850     4  1571
202065852     1  1546
202065853     4  1564
202065854    22  1586
202065855     2  1578
202065856     2  1548
202065858    11  1578
202065859     4  1565
202065861    26  1581
202065862     3  1586
202065863    11  1580
202065864     1  1558
202065865     5  1559
202065869     3  1567
202065870     1  1576
202065871     3  1569
202065874     6  1570
202065875     2  1559
202065876    12  1569
202065877     8  1562
202065878     4  1541
202065879    11  1575
202065880     2  1559
202065881     2  1562
202065884     5  1565
202065886    45  1574
202065890     6  1562
202065891     4  1537
202065892     8  1572
202065893     4  1573
202065894     3  1582
202065896     5  1581
202065899    11  1566
202065901     2  1575
202065903     1  1561
202065904     1  1571
202065905     3  1560
202065907     1  1579
202065908    51  1563
202065909     7  1568
202065910    53  1579
202065912     4  1582
202065913     0  1574
202065914     4  1570
202065915     1  1565
202065916     4  1566
202065918     2  1593
202065920     4  1580
202065922     8  1578
202065924     4  1562
202065925     1  1575
202065926     2  1579
202065928     4  1567
202065929    26  1559
202065930     1  1575
202065934    15  1570
202065935     2  1564
202065938     4  1568
202065939     1  1572
202065942     5  1573
202065946     7  1578
202065947     4  1577
202065948     6  1567
202065949     3  1576
202065950     8  1582
202065951     3  1563
202082337     6  1564
202065953     4  1560
202065954     6  1581
202065955     4  1575
202065956     7  1570
202065958     4  1575
202065960     4  1575
202082345     6  1574
202065962    26  1578
202065963     5  1579
202065964     2  1580
202065966     6  1572
202065968     5  1582
202065969     4  1569
202065971     5  1572
202065973     8  1573
202065974    10  1560
202065975    88  1559
202065977     4  1574
202065980     6  1577
202065981     6  1570
202065982     5  1578
202065987     4  1576
202065990     1  1567
202065991    32  1571
202065992     6  1578
202065994     4  1573
202065995     2  1574
202065996    14  1571
202065997     4  1570
202065998     5  1588
202065999     3  1540
202066002     6  1569
202066003     7  1582
202066004    58  1583
202066005     3  1581
202066006     2  1578
202066007    12  1567
202066008     9  1593
202066012     6  1581
202066013     3  1568
202066014     8  1575
202066015    23  1580
202066016     6  1541
202066017     4  1575
202066019     2  1575
202066020     3  1573
202066021    68  1580
202066025    50  1563
202066027    55  1565
202066028     5  1587
202066029     5  1576
202066030    30  1585
202098796     1  1573
202066031     0  1583
202066033     1  1582
202066034     3  1575
202066035     4  1559
202066036     5  1574
202066037     3  1580
202066038     0  1579
202066039    49  1586
202066041    11  1574
202066042     3  1578
202066045    50  1572
202066046     5  1570
202066048     4  1580
202066049     5  1574
202066051     3  1576
202066052     4  1585
202066054     3  1573
202066055     1  1568
202066056     5  1585
202066057     6  1562
202066058     1  1568
202066060     3  1585
202066063     4  1580
202066064     5  1587
202066067     6  1578
202066069     4  1540
202066071     4  1582
202066073     3  1563
202066074     2  1591
202066075     6  1565
202066076    13  1573
202066077     8  1548
202066078     7  1579
202066080     5  1569
202066081     4  1578
202066083     8  1588
202066084     5  1574
202066085     6  1564
202066087     6  1583
202066089     3  1567
202066090     3  1561
202066091     1  1567
202066092    46  1582
202066095     3  1579
202066098     4  1569
202066099     9  1577
202066100     2  1578
202066102     2  1585
202066103    36  1569
202066106     6  1578
202066107    23  1579
202066108    13  1573
202066109    32  1589
202066111    88  1575
202066113     2  1569
202066115     2  1581
202066116     6  1580
202066117     7  1573
202066118     6  1563
202066120     9  1573
202066121     4  1583
202066122     7  1587
202066123    38  1578
202066124     5  1585
202066127     7  1584
202066128    43  1585
202066129     2  1585
202066130     3  1563
202066131    12  1574
202066133     6  1582
202066135    39  1569
202066136    15  1575
202066141     8  1578
202066145     3  1577
202066146     4  1592
202066147     0  1577
202066148     2  1577
202066149     8  1572
202066150     1  1586
202066151     3  1584
202066152    19  1569
202066153     3  1573
202066154    12  1566
202066157     7  1577
202066159    46  1574
202066160     0  1581
202066161    45  1570
202066162     2  1561
202066164     6  1578
202066166     4  1581
202066167     1  1584
202066168    11  1553
202066174     1  1546
202066175     2  1575
202066180     7  1567
202066184     7  1584
202066185     2  1561
202066186     3  1582
202066190     3  1551
202066192    31  1583
202066193    43  1543
202066194     1  1557
202066196     1  1580
202066199     3  1580
202066207     2  1561
202066208    10  1565
202066209     0  1571
202066211     2  1582
202066212     2  1566
202066227     9  1570
202066228    43  1573
202066233     2  1582
202066239     4  1595
202066241    76  1584
202066242     0  1574
202131779     0  1552
202066246     4  1584
202066257     1  1527
202066258     3  1582
202066259     1  1574
202066263     6  1567
202066264     3  1583
202066266     0  1583
202066270     4  1559
202066275     1  1543
202066286    28  1575
202066290     1  1564
202066309     1  1573
202066337     6  1573
202066343    10  1578
202066346     4  1540
202066358     4  1582
202066368    30  1575
202066370    13  1584
202066378     0  1580
202066379     7  1582
202066389    66  1578
202066394   300  1562
202066396     5  1586
202066397     4  1588
202066408     2  1563
202066418     0  1545
202066437    31  1545
202066447    41  1584
202137959     1  1589
202066453     3  1564
202066462     8  1582
202066466    26  1569
202066485     7  1572
202066487     9  1544
202066495     0  1562
202137971     5  1583
202066512     0  1582
202066520     5  1573
202066523     4  1552
202066535     6  1558
202066537   125  1579
202066540     0  1576
202137979     2  1558
202066571     4  1582
202137988    29  1567
202066594     3  1549
202066595     1  1553
202066596     0  1580
202137990     7  1585
202066604     0  1547
202066612     3  1550
202066618     0  1589
202066622     6  1569
202083014     8  1599
202066631    12  1578
202137996    52  1578
202066635     4  1578
202083021    51  1541
202083023     3  1560
202083024    59  1524
202083026    45  1549
202137998     0  1585
202083029     3  1573
202083030    12  1521
202083032     5  1581
202138000    14  1562
202083038     4  1588
202083040    48  1578
202083041     4  1588
202083044     4  1585
202083047     6  1544
202083049     5  1574
202066665    44  1581
202083051     2  1572
202083053     6  1580
202066671     5  1576
202083058     2  1591
202066675     4  1576
202083060    39  1564
202066680    14  1575
202083067    38  1582
202083069     4  1572
202083071     3  1569
202066687     5  1566
202083075     4  1586
202083076     5  1562
202083077     3  1577
202066693    38  1571
202066698     2  1569
202066699    50  1574
202083086     1  1519
202066702     0  1573
202083091     3  1574
202083094     6  1568
202083095     2  1583
202066710    32  1545
202083097     6  1580
202132246     0  1530
202083102     7  1587
202138013    55  1586
202083104     4  1551
202066721     1  1589
202083110     0  1576
202083117     3  1554
202066738     5  1574
202083138     3  1551
202083140     0  1567
202083143    72  1586
202083144     2  1586
202083145   133  1554
202066763    15  1578
202099534     1  1569
202138023     2  1543
202066770   268  1568
202083155    44  1545
202138024    21  1568
202083159     4  1566
202083163     7  1585
202083172     7  1577
202083178    45  1584
202083181     4  1586
202083184    39  1560
202066801     6  1574
202083189    29  1590
202083192     5  1534
202083194     8  1584
202066811    82  1572
202083201    13  1582
202083203     1  1559
202083205     6  1577
202083206    33  1567
202083207     0  1566
202066827     2  1551
202066832     7  1511
202083219     5  1578
202066835    13  1578
202083222    74  1536
202083224     2  1572
202083228     9  1577
202066849     0  1574
202066854     0  1579
202083239     6  1575
202066859     4  1575
202138041     2  1564
202083247     7  1528
202138042     1  1576
202066867    27  1575
202066871     2  1592
202083257     1  1566
202138044     4  1579
202083260     1  1584
202083267     4  1584
202083272    46  1569
202083274     4  1561
202083281    31  1572
202066898     3  1570
202066899     6  1568
202083288    10  1578
202083293    18  1578
202083294    62  1564
202066909     0  1542
202066910     4  1578
202083300    18  1552
202066918     1  1585
202066923     5  1562
202066926     1  1536
202083311    47  1556
202083312     6  1598
202138055     4  1578
202066931     1  1550
202066934    29  1583
202083322    10  1574
202066939     0  1578
202083325     7  1582
202066941     0  1549
202083330     6  1579
202066946     5  1579
202083332    45  1562
202083361     6  1555
202066977     4  1585
202083365     1  1584
202066983     0  1583
202138066    38  1575
202066986     1  1592
202083375     2  1569
202083377    29  1576
202066994     7  1579
202083379     6  1583
202083382     1  1573
202083383     2  1597
202066998     0  1585
202083385     1  1533
202083394     7  1563
202083397     6  1574
202083398     5  1555
202067015     4  1584
202067017     4  1572
202083405     6  1573
202067021     7  1563
202083412     0  1571
202083417     3  1574
202067035     2  1580
