201785344    13  3631
201850883    14  3664
201588741    68  3678
201654279     8  3640
201129992    69  3697
201916425   110  3679
201457674    58  3658
201523211    44  3651
201719818    63  3555
201654285    26  3621
201392142    15  3547
201916429    40  3631
201785353    50  3682
201916426   343  3427
201785366    21  3686
201523223    48  3688
201392152    17  3666
201719833    14  3652
201719836     0  3651
201195553    47  3564
201588771    24  3583
201785388    35  3665
201195570    25  3656
201261109    17  3589
201523254   178  3634
201916477    12  3627
201588798    17  3666
201326656    63  3672
201195584    83  3648
201785415     3  3590
201195593   114  3654
201719886   144  3650
201457750    30  3649
201523288   366  3628
201392217    11  3617
201654371    17  3639
201392228   112  3667
201457767    64  3681
201195625    21  3653
201261162    60  3676
201326699   112  3643
201654384    56  3692
201523316    57  3673
201195647    34  3523
201261194    69  3603
201392267    75  3690
201851019    36  3648
201719949    39  3652
201916557    83  3633
201457809    17  3666
201719953   202  3646
201654420     9  3600
201785503    11  3685
201457826    52  3522
201195682   124  3679
201719972    17  3639
201719979    77  3691
201654448     1  3641
201195700    14  3693
201719991     8  3636
201195704   112  3648
201851066   195  3676
201654463   279  3688
201785535    31  3691
201130184   206  3623
201326798    87  3692
201720016    88  3650
201916625    29  3648
201916624    86  3680
201588953    15  3646
201392345   157  3537
201195737    60  3677
201654492   182  3660
201720034    18  3657
201720035    31  3666
201195748    29  3669
201654498    98  3639
201785579    74  3678
201195759    46  3671
201916660   123  3658
201785591    18  3685
201588988   144  3685
201326848    51  3701
201720072   161  3655
201326857    13  3666
201523468    15  3690
201457934    53  3662
201457941   152  3659
201916700     4  3631
201261347    20  3661
201654570    45  3666
201654572   126  3659
201720109    24  3666
201195822    47  3631
201785646    25  3686
201457970    46  3653
201457981    99  3690
201523519    67  3705
201720130     9  3659
201457991    54  3633
201392455    75  3631
201392457    48  3664
201392458     2  3651
201785677    90  3666
201785678    52  3686
201195856    49  3584
201916755    22  3556
201720151    20  3674
201261407   110  3682
201654624   342  3509
201589091    11  3606
201261416    20  3679
201851240    59  3653
201916777    53  3608
201720175    59  3697
201589110    65  3664
201392509   130  3673
201195905    51  3674
201916803    13  3670
201195909   104  3677
201458054   101  3664
201916807    67  3676
201326984    56  3661
201195913   112  3668
201720200   248  3655
201130377    85  3691
201720207    58  3681
201720208    85  3663
201392534     6  3638
201589146    95  3660
201654683    57  3648
201195936    56  3672
201851305    43  3470
201851312   105  3702
201785777    14  3699
201851315   166  3647
201720249   154  3648
201851321   133  3678
201916866    37  3582
201589194     8  3665
201261516    43  3651
201523661    31  3545
201589218    34  3608
201916898    11  3603
201523690    46  3700
201785835   100  3694
201523697    23  3682
201654769    50  3671
201720307    60  3647
201523700    96  3673
201327090    37  3653
201654780   100  3654
201196030   112  3631
201916927    76  3678
201589246     3  3652
201654787    41  3684
201523718    97  3688
201523722     5  3639
201654796    60  3620
201851405    76  3682
201589262   116  3652
201720332    58  3616
201589264     6  3616
201392655    32  3616
201327123    46  3683
201458201    22  3670
201720348    65  3670
201785890    17  3675
201196068    69  3661
201785893     0  3619
201458219     4  3625
201654829   110  3704
201785908    58  3703
201523774     6  3674
201458244    16  3580
201327177     8  3653
201720401   137  3682
201917014    28  3671
201458265    74  3659
201720418    37  3614
201589348    33  3667
201785958    87  3657
201851502    10  3647
201917043    15  3649
201458291   197  3664
201720442     0  3588
201917051    44  3531
201327238     6  3651
201196167    28  3579
201458313    77  3581
201327241     3  3649
201720463   813  3641
201720469    36  3629
201720476    62  3676
201917086    84  3605
201523873   371  3672
201327276     6  3646
201523889    41  3639
201589427    97  3689
201523896     0  3610
201261754    17  3658
201196226    73  3697
201589445     2  3596
201917126    23  3617
201654983    32  3640
201720527     2  3614
201261779    47  3642
201917141    24  3504
201654998    93  3643
201523931    19  3707
201655003    47  3641
201261789    37  3607
201917150    20  3630
201523935     6  3612
201851617    56  3679
201786083    36  3696
201523940     9  3632
201327334   106  3702
201327337   119  3533
201720555    16  3684
201261804    42  3593
201655021    53  3536
201786093    16  3706
201917174    20  3608
201720569    49  3661
201458425    80  3663
201786115    64  3658
201327365    47  3674
201327366    15  3695
201720583    12  3633
201458444     0  3659
201327387    21  3649
201720605   160  3651
201523998   160  3652
201720609     5  3571
201524012   122  3658
201786161    16  3694
201524025    76  3658
201524033    62  3708
201851715   116  3672
201851722    88  3649
201720650    16  3659
201589580     7  3580
201327435    56  3685
201458509     2  3646
201589586     8  3597
201524052    13  3638
201655137    46  3647
201720674    67  3670
201720684    33  3608
201655148    10  3652
201655153    20  3659
201851772     7  3661
201393022    14  3623
201917313    41  3557
201851781    72  3546
201130890    43  3659
201524106    18  3626
201393037    21  3606
201196429    60  3640
201851799   100  3641
201720727     0  3657
201458583    75  3661
201589658     5  3656
201589656    32  3684
201720733    42  3601
201196448    40  3472
201851814    85  3669
201196456   122  3673
201786293    32  3659
201917368    40  3637
201130940   119  3673
201720773   128  3648
201327560    27  3662
201393098    57  3660
201917389    81  3668
201917390     4  3612
201524177     6  3603
201851865    20  3682
201589730    61  3536
201589736    36  3655
201589738    76  3628
201786362    76  3670
201917434    83  3670
201458688    73  3677
201524226   138  3651
201655304     3  3627
201917448    26  3660
201786378    17  3647
201262098    14  3608
201589778   140  3672
201786386    80  3662
201458710    49  3654
201917470    97  3656
201393184    24  3668
201589794    32  3580
201524263    15  3684
201851944    32  3602
201196585    59  3559
201655343    87  3684
201720881    10  3592
201786419    30  3651
201851956    46  3623
201655348    13  3644
201589814    87  3662
201131062    61  3664
201131066    63  3685
201196603   116  3682
201720892    38  3680
201655364    46  3612
201720906   192  3700
201720907    12  3667
201327692    50  3664
201720913     0  3605
201655378   276  3521
201524311   193  3641
201393241    20  3652
201524316    40  3648
201917532    33  3585
201393252     3  3594
201786473    62  3613
201655404    40  3676
201458798    44  3624
201327727    75  3700
201786492    50  3643
201786494     7  3673
201786495   129  3683
201720960    30  3651
201786498    67  3664
201393286     8  3617
201524360     9  3589
201393293    26  3603
201589906    52  3666
201720980     1  3620
201655448    92  3663
201589913    88  3667
201720987   116  3686
201262237    64  3655
201917602    66  3558
201131171    82  3662
201393318    13  3645
201262251    97  3676
201721005    12  3667
201327794    59  3660
201196724    29  3660
201196729    52  3659
201196730    22  3631
201196732    38  3618
201655490    24  3641
201852098    96  3696
201786564   162  3690
201327813    10  3607
201589968    61  3664
201262289    45  3667
201589971    24  3601
201786580    40  3638
201589979   147  3658
201196774    27  3634
201393383   258  3660
201852138    27  3548
201786611   102  3690
201721076    61  3663
201917687    56  3670
201917702    40  3615
201655558    81  3647
201590024    54  3660
201590023     3  3595
201721096    17  3642
201721101   106  3661
201590032    12  3671
201590033    17  3626
201458962    40  3664
201262355    46  3643
201721113    51  3632
201524509   124  3677
201262366    16  3640
201393444    17  3679
201131303    50  3660
201852199    62  3684
201524519    23  3684
201852200    96  3685
201196841    84  3683
201786670    38  3674
201524536   113  3674
201327928   108  3665
201655613     6  3619
201327936    20  3617
201196865    41  3718
201786691    16  3664
201196871   104  3668
201393479    57  3657
201131337    58  3682
201393481    17  3608
201131339    41  3666
201917772    35  3677
201327947    29  3660
201393485    11  3645
201786700    40  3656
201196880    71  3633
201917779    80  3645
201786713    10  3629
201852250    29  3508
201524571    49  3651
201721184     1  3657
201393508    24  3626
201786731    59  3675
201721199     9  3658
201262449    67  3657
201721206    56  3662
201786744    22  3633
201917816    37  3685
201196922    45  3662
201852283     1  3484
201459068    21  3651
201262461    38  3644
201786748     0  3693
201459065    49  3694
201786754    70  3692
201262469    17  3668
201721222    15  3674
201917842    59  3630
201590171    18  3601
201590174    40  3647
201262497     3  3666
201459111    21  3686
201655720    30  3614
201393575    67  3661
201786791     9  3655
201721263   211  3660
201393584    66  3673
201721265    23  3661
201524660    49  3642
201655733    28  3591
201721271    41  3693
201393600    35  3670
201721280    32  3690
201852355    33  3651
201655748   136  3667
201786828    49  3665
201197006    61  3665
201786831     1  3645
201393615    48  3647
201655762    54  3553
201590229    25  3653
201197015    41  3681
201721305    88  3658
201590237    39  3674
201262557    60  3684
201852389    69  3670
201459176    49  3587
201393646    21  3633
201721332     8  3654
201721333    49  3673
201786870    13  3667
201852409    54  3633
201197062   100  3666
201328142    99  3665
201852431    85  3702
201917968    58  3656
201262606    59  3679
201590293    38  3631
201524762    16  3616
201459228    52  3648
201393692   121  3677
201590303    67  3689
201590306    39  3674
201590307    86  3641
201524782    44  3647
201917999    18  3518
201590328    60  3677
201655870   113  3668
201721408    59  3672
201721413    21  3651
201852493     9  3628
201197137    68  3660
201786969    62  3625
201786970     5  3636
201393756     0  3598
201721440    53  3658
201262689    66  3660
201655904    47  3664
201590371    27  3600
201328235    48  3682
201459320    82  3626
201918073    16  3557
201590397   111  3670
201918077    24  3626
201459328     5  3682
201655939    13  3592
201852549    93  3680
201721486    20  3663
201459342    80  3589
201459346    46  3644
201787026    25  3668
201197205    20  3692
201393816     9  3676
201918106   140  3664
201262747    45  3652
201721502    61  3651
201393825    65  3667
201918114   119  3700
201852580    15  3668
201328292    10  3672
201459364   109  3648
201197223    82  3674
201590443     5  3616
201197231    34  3648
201393840   104  3657
201787067    96  3671
201590466   149  3663
201393859   111  3638
201328324    91  3688
201459403    11  3614
201524941     3  3636
201590490    45  3667
201459423    47  3655
201197280   429  3498
201852641    18  3704
201721570    30  3676
201131749    66  3531
201918183    16  3695
201787112     8  3642
201918184    41  3653
201524971     4  3662
201459437     9  3673
201197295    19  3674
201721585    91  3665
201524979    35  3668
201852663    21  3674
201721600    26  3652
201656065    56  3645
201852681    29  3612
201262859     9  3659
201131793     2  3666
201721622    26  3659
201787160    42  3663
201262875    51  3685
201721631     8  3650
201197348    79  3668
201590566   132  3677
201197354     3  3541
201131821    50  3665
201197358    30  3530
201721649    43  3675
201459506    52  3645
201459514     3  3665
201328448    13  3679
201721664    46  3658
201721667     8  3614
201721668    76  3666
201656134    90  3675
201525065    -1    -1
201787211    29  3635
201787215    77  3695
201852752   117  3663
201918290    74  3629
201656147    55  3630
201918298     7  3629
201525085    21  3681
201852771    23  3660
201721699  1046  3471
201262949     5  3606
201197411    60  3687
201590630    79  3659
201787241    17  3668
201131882    37  3640
201394029    11  3644
201197421    86  3680
201590641    64  3683
201525106    19  3539
201852788    57  3668
201590650    11  3651
201459584    49  3675
201721737    36  3664
201918363    13  3610
201721758     5  3627
201263008    60  3668
201787300   137  3707
201263014    53  3677
201131954   625  3667
201590711    47  3668
201394104     2  3616
201852855    85  3619
201721792     4  3544
201590725    21  3656
201263046    20  3694
201328592    41  3622
201852882    42  3650
201656275    69  3669
201852895    26  3579
201590752    35  3585
201590753    40  3585
201525217   107  3698
201394147    30  3666
201787378    10  3669
201918452    47  3637
201721853    28  3705
201721859    58  3646
201394179    97  3665
201721861    18  3650
201656325   157  3640
201525258   189  3659
201590795   142  3671
201918478   118  3686
201918479    20  3681
201525262    11  3665
201787410    28  3659
201852946   566  3623
201197593    48  3680
201197597    39  3702
201918499    53  3584
201918500    22  3689
201852974    36  3538
201721904    88  3629
201328707    31  3674
201197637    51  3692
201525319   115  3669
201721928    44  3663
201590857    11  3654
201394249    11  3589
201263191   117  3680
201853015    24  3690
201132121     1  3564
201590881    26  3631
201394274   102  3682
201721957    16  3657
201590886    13  3683
201590885    51  3657
201197669   130  3675
201721963    78  3648
201918573    10  3610
201918579    14  3634
201263221    54  3599
201394298    15  3618
201328762     4  3677
201853053    39  3657
201394302    12  3673
201853063     9  3510
201394321    34  3680
201459860    19  3621
201656468   124  3654
201197718    90  3657
201787544    87  3655
201722009    32  3629
201853084    30  3686
201197734    35  3630
201590951    33  3646
201918632    45  3658
201787565    16  3690
201394350   104  3647
201787566    25  3637
201722031   128  3647
201853105   104  3659
201132212    92  3674
201918651    93  3674
201722044    10  3674
201656514    51  3632
201787587    11  3677
201722052    11  3659
201197767    56  3692
201197768    51  3669
201787593     1  3631
201590985    20  3646
201787595    92  3643
201394380   100  3675
201656525    30  3643
201394382    30  3659
201787591    -1    -1
201459921    22  3676
201197779    39  3523
201525460    39  3671
201853142   120  3656
201525463    12  3634
201263320    22  3653
201459929   130  3672
201591002    11  3671
201459934   212  3655
201656543    35  3664
201197800    43  3652
201722090   282  3597
201787626   125  3496
201197804    94  3646
201853165    87  3631
201525490    57  3681
201722103     2  3633
201263353    71  3689
201853180    78  3686
201197820    55  3656
201525503   207  3637
201525512     6  3654
201853193    14  3643
201197836    58  3545
201722130    73  3645
201591059    12  3653
201394453    19  3662
201459993     7  3637
201853210    48  3673
201722139    13  3580
201459999     9  3587
201328927    78  3648
201394467    17  3593
201722149     9  3650
201263403    85  3652
201591090    20  3676
201394482    90  3663
201591094    19  3636
201328954    33  3677
201460033    63  3635
201328967    92  3688
201394506    75  3655
201722191    38  3661
201328977    10  3646
201525588     4  3526
201197909    15  3663
201460056    59  3607
201132377   167  3669
201918810    35  3677
201722204   182  3662
201722208     2  3662
201656681   122  3696
201525613    63  3678
201197934    22  3660
201525614    10  3650
201525624    57  3640
201460089     2  3582
201918845    65  3707
201787775    62  3666
201525633    53  3685
201656706   174  3681
201394563   106  3653
201591176    56  3656
201460114    96  3656
201329047    47  3674
201197987   120  3674
201853354    85  3572
201787820   108  3671
201460143   108  3617
201394607     5  3608
201918903    57  3476
201591227    90  3663
201787839    99  3639
201525699    26  3591
201853381     9  3627
201394631    75  3690
201787850    35  3676
201525706    11  3698
201394634    17  3637
201853397    75  3494
201656793    44  3661
201329114   105  3686
201394651     5  3649
201460186    35  3666
201656801    59  3550
201394658   138  3678
201132518    14  3636
201460203    15  3679
201263597    11  3647
201918965    93  3657
201394679    29  3504
201918977    16  3644
201656834    34  3644
201198084    86  3656
201198086    18  3664
201525773    16  3625
201329167    15  3688
201591315    16  3656
201198100   180  3668
201853463    69  3649
201787928    33  3680
201787934    74  3691
201198110    43  3715
201525793    20  3663
201853474    69  3655
201591331   126  3642
201591332    82  3649
201919012    98  3662
201198117    46  3616
201525794    99  3689
201656874    95  3677
201460268     6  3661
201394739    21  3648
201919029   110  3662
201656890    47  3640
201722437    10  3642
201722438    80  3658
201198149    76  3580
201787977    31  3674
201787982    12  3652
201132630    86  3666
201919068   162  3662
201787998     3  3646
201591397   142  3666
201722470    43  3641
201853547    26  3538
201591403    97  3646
201656939    23  3699
201591406    59  3690
201460336    72  3662
201198192     3  3649
201722489     0  3658
201591418    36  3633
201591424     2  3704
201591441    10  3651
201198232    56  3658
201853604    35  3622
201919140    93  3682
201329320    17  3675
201722536   173  3672
201853612    57  3691
201198255    37  3688
201919159    60  3674
201263800    32  3656
201132732    56  3650
201198271   104  3674
201132737    49  3520
201591493   100  3658
201722576    13  3532
201853649    22  3661
201198291    55  3631
201394906     9  3644
201460467    82  3630
201394936     5  3530
201591545    30  3664
201657080    38  3700
201788155    35  3696
201919230    86  3665
201657088    88  3660
201526018     2  3631
201657091     9  3601
201198340    40  3657
201263880    46  3625
201591561    13  3665
201263889    59  3681
201853720    77  3688
201788185    26  3485
201526047   133  3672
201657125    41  3653
201132839    25  3645
201853736    76  3699
201394983    10  3621
201657137    46  3596
201263922    98  3664
201591603    41  3619
201657140    65  3664
201919289    82  3649
201853754    12  3641
201919290   105  3662
201788219    12  3674
201722686    58  3659
201263935    27  3646
201526083     5  3563
201722700    17  3640
201788237    16  3705
201657165    44  3625
201657164   111  3704
201657168    81  3671
201853779     0  3535
201329493    92  3653
201263957    62  3614
201657179    15  3681
201722715    56  3587
201395042   296  3655
201853796    93  3673
201722725     1  3579
201788264    12  3672
201526121    44  3657
201788267    16  3628
201722738    13  3669
201395061    85  3694
201919351    90  3685
201788279   146  3619
201788284    63  3693
201722751    30  3623
201722761    15  3615
201788298    19  3689
201198477    83  3604
201722766    10  3663
201526159    32  3662
201329557    15  3682
201919382    64  3660
201329561    99  3502
201657243     5  3639
201853857   117  3683
201722789   156  3657
201395111    46  3676
201460650    19  3626
201329578    52  3643
201264044    37  3682
201788333    13  3683
201132973    79  3688
201526193   109  3466
201788338    17  3621
201722802    48  3653
201919413    93  3613
201591733    16  3675
201198517    -1    -1
201264058    63  3679
201591743    12  3670
201919424    84  3637
201722817    13  3624
201722819    61  3697
201853893    43  3680
201198540    44  3674
201788367    43  3686
201591765    13  3550
201657303    92  3671
201395165    53  3665
201460702     3  3596
201722849     2  3612
201198562   239  3659
201395169     3  3646
201919463    90  3667
201264103     3  3592
201133037    18  3653
201853934    25  3528
201591792    63  3666
201591793    20  3576
201264112   154  3620
201264115    81  3560
201460724   107  3644
201853942    -1    -1
201788409    49  3696
201460733     8  3678
201133059   131  3677
201919492   150  3688
201133060    55  3675
201460740     4  3595
201264138    47  3625
201526289    10  3665
201526297    77  3587
201591838     7  3644
201722912    57  3679
201460770    27  3601
201591842    32  3667
201264164    11  3645
201657383    19  3597
201722919    18  3705
201133097    53  3643
201657384    39  3634
201264179    22  3656
201919539   118  3633
201854006    33  3649
201591867    27  3553
201198655    30  3600
201460800    50  3632
201657408    74  3575
201854020   119  3660
201526344     0  3566
201329742    77  3684
201264207    54  3665
201657425    36  3670
201788505    54  3700
201526361    16  3689
201133147    94  3660
201460826     5  3642
201329765    17  3662
201854058    12  3609
201526382    43  3657
201460847    72  3650
201264258    12  3522
201198725    60  3655
201329798     9  3601
201526415    51  3662
201723031    63  3647
201198750    76  3663
201264302    10  3636
201133233    22  3599
201919670    19  3599
201919671    54  3495
201723064    17  3676
201526457   130  3650
201919675    98  3661
201592003    17  3642
201264325    11  3645
201723079     9  3652
201198792    28  3674
201854154    64  3659
201526475   159  3615
201723089    39  3651
201657557    70  3676
201919703    92  3635
201264346    22  3640
201329908    19  3658
201723131    64  3698
201592061     4  3647
201657597    14  3629
201460991   552  3551
201919748    22  3637
201657604    30  3648
201198853   197  3669
201723145    39  3653
201657610    69  3610
201657614    61  3695
201788687    49  3638
201657616     4  3661
201395474   139  3509
201329943     0  3606
201919768    18  3701
201461023    77  3624
201723170   121  3679
201526564   116  3689
201723174    37  3675
201657643    17  3633
201592111    20  3617
201526578    54  3640
201788724    24  3685
201854267    17  3592
201526593    20  3635
201329986    57  3682
201198915    33  3694
201657672    14  3573
201919824    64  3663
201592145    78  3658
201723220    56  3670
201788756    53  3682
201198934   110  3640
201330013    19  3689
201395551    16  3640
201592165    54  3681
201461095    47  3675
201657706     8  3536
201592177    28  3688
201854323    49  3687
201461116    18  3708
201657724    13  3658
201657728    62  3586
201395584    92  3697
201461120   135  3651
201133444    84  3634
201723271    28  3655
201264521    11  3629
201854345   103  3610
201723278    32  3660
201657748    21  3675
201788820    69  3694
201199000   160  3454
201592218    34  3625
201330075     2  3672
201526688    68  3662
201264546    28  3675
201264547    71  3569
201199015    55  3672
201788841    21  3681
201526700     9  3664
201592238    13  3623
201592240    56  3624
201592246    54  3625
201854396    37  3692
201657794    43  3632
201461188     0  3651
201526725     1  3591
201592262   100  3626
201264581    80  3670
201526729    13  3700
201919953    62  3646
201461210    71  3627
201854428    44  3618
201919965    48  3614
201723356    56  3676
201788894    13  3683
201199073    41  3612
201133538    10  3654
201592300     6  3619
201199103    96  3675
201199104    22  3636
201657858     3  3626
201854470    26  3652
201592328    26  3683
201395722    20  3693
201133580    33  3675
201920014    45  3656
201920032    34  3587
201592358   176  3670
201330215    72  3668
201592360     0  3595
201723433     0  3663
201330214    77  3662
201788976    67  3650
201854522    64  3655
201592381    65  3685
201920061    14  3601
201592382     9  3667
201920064    73  3660
201199169    15  3654
201723461   353  3659
201395782    40  3662
201199177    15  3653
201199179    74  3630
201789003    21  3684
201789006    41  3654
201592402    12  3657
201723475   138  3668
201526868   142  3691
201199190     5  3611
201592408    50  3569
201920090   246  3651
201920095    38  3639
201723489    13  3622
201789025     4  3674
201657955    36  3636
201461351    52  3651
201461352   106  3657
201264745    27  3660
201920103    84  3560
201199213    65  3657
201592429    59  3655
201723501    50  3641
201526898    32  3639
201854578    14  3508
201854580    70  3693
201395829    23  3606
201461366     9  3661
201526904    92  3652
201264770    16  3676
201330307    11  3674
201330312    74  3661
201854611    16  3656
201723541    25  3685
201526935    32  3601
201789080    32  3660
201395866    36  3648
201854619    67  3640
201592476    81  3675
201199261    14  3586
201199259     0  3631
201920159    13  3693
201461410    79  3661
201526947   193  3688
201592484    14  3630
201789092    32  3653
201264806    30  3596
201920174    81  3607
201723568    85  3660
201723572    62  3641
201461430   175  3683
201854649     8  3636
201199290    30  3643
201330363    66  3671
201854652    11  3632
201592510    16  3588
201789118    68  3607
201789125    88  3686
201658054    91  3659
201133772    69  3665
201658061    56  3699
201658072    19  3635
201461467     3  3685
201330398     9  3644
201395936    21  3657
201330402    42  3655
201395943    52  3617
201789162    39  3674
201658093    66  3696
201395953    48  3654
201723637   147  3644
201789176    57  3656
201527039    10  3591
201723647    55  3646
201461505    61  3652
201461506    30  3520
201264903   147  3681
201395977   152  3657
201592585   135  3696
201133841    11  3664
201854746    16  3539
201461530   160  3635
201395998    31  3660
201920286   161  3672
201527070    40  3698
201592609    21  3601
201461539    45  3682
201592614    16  3647
201723713    68  3652
201527108    16  3687
201723721    47  3638
201133900    32  3658
201658195    57  3672
201723733    23  3665
201920343    36  3679
201264992    74  3671
201592672   123  3664
201854823    14  3621
201658219   147  3675
201723760    74  3590
201789297    42  3643
201330546     8  3583
201396084   107  3632
201133946   161  3662
201723774    95  3633
201592707    19  3614
201330563    18  3679
201527174    17  3686
201920393    18  3420
201920394    26  3642
201920395   113  3677
201396114    86  3661
201527188    57  3617
201789333    29  3675
201789334    30  3666
201658263     7  3629
201199515    55  3544
201592734    23  3659
201265055     4  3655
201527200     9  3637
201592737    53  3659
201789346    36  3687
201789342   120  3661
201199524    49  3673
201527211    32  3657
201592750    26  3657
201265072    52  3661
201527217    34  3565
201854904    12  3622
201592764    35  3656
201199552   154  3677
201461697    25  3679
201199556    34  3614
201658308    20  3699
201199562    46  3638
201461709     9  3663
201330638    19  3644
201265102    23  3645
201854926    12  3619
201854944    47  3651
201592801    79  3649
201789412    79  3674
201723880    28  3680
201658346    63  3673
201461740    89  3657
201920495    27  3667
201592815    65  3632
201265136    27  3640
201199609    15  3653
201592830     8  3605
201461759    11  3554
201592832    40  3654
201854978   121  3618
201854987    85  3627
201789457    61  3686
201592852    16  3650
201723927    28  3655
201592858    37  3653
201461792    27  3672
201855008    10  3570
201658412    25  3671
201723953    24  3658
201920567    35  3637
201920568    60  3662
201592891    44  3667
201855043    18  3673
201461827    10  3641
201855046    74  3660
201134157    35  3637
201592910    21  3617
201789520    71  3689
201330778    71  3658
201592923    63  3687
201724003   129  3696
201789539    23  3681
201658471   120  3696
201134185    34  3612
201724013    16  3710
201592942   104  3643
201396344    34  3648
201855098    27  3657
201855100    12  3697
201134214    30  3671
201199752    90  3658
201855116    73  3670
201724056    30  3626
201920668    73  3632
201724062    67  3685
201593000   101  3662
201330857    33  3651
201855156    69  3584
201461944  1270  3608
201527483    99  3689
201789629    41  3688
201855165    75  3646
201330877     1  3588
201330892    10  3682
201855181   379  3464
201330895   173  3702
201920720    46  3629
201527506    71  3680
201396435    22  3616
201920729    51  3537
201789659    11  3676
201330908    29  3671
201199837    69  3675
201855199    45  3635
201724130   137  3525
201593063    18  3676
201724137   191  3682
201789675    61  3651
201920752   129  3659
201265393     2  3661
201199862    84  3615
201265399    14  3648
201593082    55  3661
201724158    64  3665
201396482    11  3636
201789700   119  3679
201658638    18  3624
201724175    58  3670
201658643    32  3663
201199894    14  3642
201855255    90  3673
201724186    50  3704
201593123    22  3629
201855267     7  3588
201658661    71  3653
201855279   116  3695
201330992    62  3673
201724209    17  3676
201134386    78  3645
201920819    14  3524
201593141   156  3682
201199927    86  3704
201658679   112  3652
201462078    96  3691
201920833     0  3519
201331010    22  3656
201789764    49  3684
201855304    12  3627
201920841    93  3665
201265483    96  3649
201658700    19  3644
201331022   103  3592
201920851    27  3675
201658710    61  3682
201593189    45  3654
201593190    81  3655
201396583    47  3630
201396584    50  3660
201789801    58  3668
201462123    15  3648
201331052    15  3666
201658734   100  3665
201593200    44  3625
201396593     5  3513
201920882    61  3622
201724275    13  3658
201855350    46  3538
201331063    23  3671
201396601    22  3609
201855354   177  3687
201855366    74  3620
201527688    12  3621
201396617    38  3652
201855371    28  3610
201331084     1  3669
201200015    12  3660
201855382    45  3618
201593239    17  3581
201593241     4  3654
201724315    23  3616
201396644    84  3672
201789861    12  3693
201724328    24  3669
201200043    19  3639
201593263    55  3653
201265587   145  3642
201920949    24  3667
201265590    23  3520
201658823     1  3562
201593291    26  3656
201789901    66  3661
201789903    29  3704
201593296     9  3649
201331157    69  3693
201724378    18  3580
201658846    71  3670
201265631    39  3648
201462240    62  3622
201527777    16  3611
201265634   211  3632
201593312    19  3702
201789918    18  3677
201920998    79  3628
201724398    46  3650
201331183    69  3652
201658870    29  3627
201331194    82  3661
201527806    82  3676
201855491    34  3666
201396740    20  3663
201724421   224  3565
201134601    18  3701
201527817    25  3660
201396752   319  3690
201396753    50  3668
201462289    69  3610
201855508    85  3642
201200149    10  3646
201527837     9  3646
201789982    82  3680
201396767    35  3674
201527845    70  3685
201527847    62  3642
201265713    37  3684
201724469   233  3684
201265717    18  3619
201265721    76  3614
201593402    37  3650
201724489    67  3670
201658954     6  3552
201790028     1  3611
201724501    78  3643
201396826    72  3661
201527900    31  3665
201265757    63  3650
201200222   133  3605
201724514    25  3667
201593445   148  3653
201921127    20  3666
201462376     9  3644
201658986    38  3665
201134711    74  3635
201527932    35  3642
201134718    32  3676
201790080     3  3661
201659016    57  3663
201331341    49  3661
201265814    24  3677
201724567     9  3685
201659032    86  3652
201855642    60  3683
201659035    54  3652
201724584    70  3678
201659055    60  3661
201396914    80  3699
201593533     1  3579
201462470    36  3701
201134797    85  3606
201200335    40  3599
201855704    66  3703
201921242    63  3628
201659099    63  3631
201593566    38  3606
201659103    50  3636
201659104    15  3619
201724645    44  3664
201921254    76  3447
201659111    22  3633
201331438     8  3677
201724655    27  3661
201528047    14  3690
201200370     6  3648
201724658    35  3635
201528051    -1    -1
201462525    20  3664
201855749    18  3681
201921289    16  3596
201462538    44  3646
201659148    21  3635
201855757    96  3689
201134862    80  3646
201724692    51  3646
201200410    51  3655
201855772    15  3621
201593629    11  3653
201921313    27  3620
201921314   107  3619
201331505     7  3571
201593650     6  3596
201593658    60  3666
201790267    40  3663
201724742    45  3677
201528135    14  3615
201200466   200  3677
201397075     3  3590
201200478     4  3525
201593699     7  3578
201593700    79  3661
201921381     0  3658
201266025    12  3627
201593707    98  3679
201593709     9  3634
201397105   133  3655
201855858     0  3635
201397108    78  3474
201462646     4  3640
201921401    15  3625
201659261   220  3692
201855871    49  3707
201724799    36  3664
201855873   100  3648
201266052    80  3649
201659277    73  3626
201855889    78  3650
201200531    38  3526
201528215    56  3666
201134999     8  3657
201462681    65  3691
201659288    76  3656
201593758     0  3574
201462691    57  3719
201266088    88  3685
201659305   205  3449
201724842    15  3601
201397162     3  3678
201921455     9  3594
201200561    11  3653
201724852    37  3680
201462709   195  3676
201331637    63  3634
201200567     1  3639
201462714   111  3668
201724878    -1    -1
201593810    50  3658
201855956    14  3590
201593817    19  3627
201462754    39  3688
201659364    73  3630
201200613    86  3626
201462766    20  3666
201790455    19  3517
201462777   101  3682
201593852     8  3659
201855997    42  3687
201921538    96  3676
201856011    68  3652
201200653   186  3615
201200659    32  3649
201724947   178  3676
201462822    90  3654
201331757    78  3685
201593902     5  3636
201200688    16  3650
201790513    28  3680
201724978    76  3669
201921585    73  3659
201331771    19  3677
201921596     0  3617
201921598    13  3653
201135168    62  3691
201331777    13  3665
201200706    51  3649
201528388    18  3682
201200709    29  3634
201921605    99  3644
201724999    21  3656
201593928     4  3657
201659481    38  3685
201528410   106  3643
201725034     6  3630
201528440    31  3654
201921657    26  3652
201397373    20  3696
201725055    49  3648
201462921    63  3625
201725079    21  3600
201594008    30  3679
201397402   118  3596
201659557    67  3638
201790629     8  3687
201594025    11  3634
201462957   127  3662
201856174    29  3635
201135278   141  3651
201725111    31  3680
201725112    29  3541
201659577    13  3672
201200826   122  3640
201200834     0  3608
201594052    18  3619
201266374    76  3660
201397446    56  3674
201921740     8  3652
201135311    81  3648
201790675   300  3668
201659612    78  3683
201200861     8  3587
201397480    18  3661
201528556   194  3685
201463027     6  3626
201659636    93  3675
201397491     6  3594
201594114     2  3556
201463048   100  3639
201790735    92  3694
201921807     3  3654
201594129   149  3690
201790738     1  3615
201659663    52  3693
201659676    91  3668
201528607    36  3658
201397536    50  3672
201463071    55  3653
201266468    61  3671
201135396   145  3619
201725220    24  3662
201659695    37  3626
201921841    26  3664
201528633    26  3682
201594171     8  3658
201463106    85  3660
201659724    14  3587
201856339    22  3638
201594205     0  3557
201921889    33  3607
201921894    32  3657
201594215    21  3659
201856360   113  3663
201659757    31  3687
201790834    21  3674
201463157   122  3653
201594234    11  3506
201594239   163  3664
201594246   105  3656
201725319   117  3525
201135499   123  3677
201332108    29  3640
201856396    50  3538
201790864    69  3664
201332112    98  3672
201856405    53  3646
201528726    15  3667
201921943    80  3641
201856407    81  3658
201594277    70  3675
201659814    57  3675
201790887    38  3666
201594285    13  3558
201201072     6  3654
201397682    32  3669
201856439     1  3570
201463225    38  3654
201266618    18  3649
201332156   138  3656
201856445    26  3661
201856448   106  3665
201921987     6  3592
201528783    99  3696
201725395     8  3644
201790934    93  3683
201594327    46  3654
201332183    18  3641
201725399   185  3656
201659867     2  3623
201725408    45  3630
201856481     0  3598
201397731    44  3570
201135594    77  3686
201594348    40  3668
201856501    65  3688
201659904    44  3528
201922050    80  3671
201528834    40  3648
201659912    63  3680
201594380    34  3679
201135629    43  3635
201659924    36  3657
201201176    43  3537
201725470     3  3634
201725474     4  3625
201791011    13  3626
201266727     0  3650
201528877    11  3680
201659954    57  3675
201594426    20  3650
201856571   233  3679
201201221    15  3665
201791048    30  3689
201659986    32  3667
201266772   115  3674
201659991    18  3645
201528923    44  3685
201528925    12  3650
201922144    14  3608
201332321    81  3548
201397860    10  3643
201201252    39  3675
201332328    30  3699
201594472    71  3617
201856619     4  3609
201528941    53  3671
201463407    56  3676
201463422    45  3655
201397887    63  3651
201856645    74  3687
201725577    17  3618
201922186    71  3675
201201292    71  3595
201332364     1  3666
201660046     9  3620
201135763    17  3694
201660055    11  3670
201791131    63  3658
201856672   155  3655
201725601    25  3707
201463458    62  3656
201332392    51  3665
201594537    40  3694
201922216    14  3632
201397931    10  3625
201856683   153  3520
201856687    14  3525
201529013    99  3660
201660087    22  3676
201201339   137  3657
201135807    25  3669
201201348    28  3646
201922250    67  3634
201856715    39  3644
201660108    35  3653
201332432    56  3676
201856722    56  3651
201201365    37  3485
201266903    44  3597
201922264    13  3530
201332443    58  3662
201594593    46  3666
201922280    66  3630
201201385    32  3635
201135864    21  3634
201463555     6  3649
201725703    72  3654
201529098     8  3615
201856786    56  3651
201398036    10  3664
201594647    18  3651
201922329    20  3603
201791258    58  3674
201266976     0  3654
201725731    30  3603
201266988     5  3648
201791276    15  3662
201856815    28  3644
201856816    70  3650
201594672    18  3629
201922354   111  3676
201266994    56  3536
201791284    20  3661
201660211   181  3659
201725752    12  3676
201922364    13  3633
201529149    91  3661
201725757    72  3666
201332545    42  3661
201463620    66  3695
201135941    15  3659
201791304    56  3670
201463628    36  3661
201529173    16  3617
201398102    10  3584
201267033    10  3681
201332571    34  3686
201594716    12  3654
201660252   146  3650
201332578    46  3661
201529207   179  3645
201135995    19  3670
201856891    89  3636
201594753    37  3534
201791370    66  3641
201529234    22  3614
201529237    34  3665
201660309    45  3686
201529241    34  3600
201725850    55  3655
201856924    20  3640
201267101    82  3643
201267103    35  3628
201332640    93  3705
201332643   146  3700
201398182    75  3620
201463719    95  3682
201725865    39  3673
201594793     3  3542
201856940    62  3652
201791406     7  3511
201332656   128  3670
201201584    70  3662
201398195    25  3680
201725876    77  3701
201529268    21  3630
201463735    54  3682
201660348    67  3658
201201596     0  3580
201398207    58  3649
201594816    52  3653
201529284    14  3690
201201605    23  3666
201594823   169  3627
201660362    59  3661
201791452    65  3663
201660384    69  3661
201332705    11  3687
201725925   134  3670
201725935    37  3652
201332723    12  3639
201725951    60  3653
201529344    99  3676
201922563   185  3508
201857027    36  3636
201660419     8  3648
201857035    28  3638
201594900    13  3659
201791508    67  3704
201922589    29  3521
201529375    45  3655
201398307    58  3637
201857059    44  3639
201267238    14  3642
201398311    42  3682
201922598   143  3659
201267253    49  3615
201791546    15  3581
201136194   131  3468
201726020    10  3650
201398345    46  3675
201726029    60  3670
201922639    41  3617
201201743    16  3651
201922641    93  3627
201332823     2  3625
201922647    22  3528
201660509    65  3602
201922654    33  3670
201594980   274  3700
201857124    74  3656
201332836    46  3663
201594986    34  3669
201660523     7  3657
201791599    11  3621
201594992    63  3632
201136242    55  3666
201726071   122  3668
201660539    56  3673
201660542    31  3633
201726080    41  3640
201857155    52  3673
201332868    15  3676
201595011    32  3653
201136267    96  3650
201267341    19  3685
201201816    22  3646
201726109    35  3647
201595038    35  3533
201857185    18  3670
201136290   176  3678
201660585    51  3696
201922731    14  3541
201660590    45  3674
201791663     7  3642
201726129    92  3699
201791665    13  3672
201726137    18  3637
201529541    63  3615
201922762    11  3649
201136343    38  3667
201595095    15  3624
201857241    19  3680
201726170     6  3613
201398499    73  3591
201595111    11  3579
201791726    54  3662
201201907    51  3664
201332982    67  3665
201332987    15  3683
201201917    31  3624
201922821    70  3604
201529614    17  3687
201726224    44  3530
201136404    34  3665
201791765     9  3686
201464089    47  3687
201595166    58  3628
201726245    11  3670
201791789    81  3670
201660728    13  3638
201333049     0  3555
201201981    43  3657
201529669    68  3681
201529674    21  3661
201595213    14  3655
201398609     6  3657
201791826    10  3626
201660755   134  3673
201529690   155  3649
201922909    74  3664
201333089    15  3652
201595235     1  3653
201202023    50  3666
201726315    62  3645
201398637   108  3704
201791854    76  3680
201464175    14  3684
201660784    24  3633
201791857    12  3631
201857396   199  3651
201529716    96  3684
201791864     8  3646
201333112    91  3690
201267581     0  3640
201333121    72  3663
201529739   132  3660
201791883    47  3690
201333131    58  3651
201202065    59  3683
201398674    45  3638
201333141    56  3677
201726366   153  3638
201857447    41  3667
201464235   135  3684
201726386     7  3643
201922997    25  3703
201202105    69  3566
201464249     5  3625
201791932    17  3672
201923012    72  3641
201267653    51  3544
201726408    97  3669
201529801    18  3605
201923021    50  3580
201726413    10  3650
201267664    15  3680
201857488    38  3584
201136593    57  3671
201333210   107  3670
201267690   160  3672
201464299     4  3614
201529838    25  3625
201398767    81  3687
201136622    93  3639
201726455     6  3646
201464312   104  3686
201595401    60  3663
201792011   113  3642
201202188    41  3632
201923092    53  3564
201202200    27  3624
201398809    89  3671
201333279    42  3660
201202215    96  3622
201202219    71  3661
201857583    64  3674
201202230    56  3637
201857600    54  3649
201464385    26  3651
201792069    58  3702
201857610    41  3506
201792076    12  3660
201857613    41  3626
201661006    30  3641
201661008     5  3619
201202258   147  3662
201136726    40  3668
201333353    22  3678
201792106    61  3700
201464427    11  3666
201661033    95  3667
201464437   123  3672
201857655    43  3634
201398907   106  3675
201661053    35  3674
201202307     5  3559
201726599    45  3665
201464458    47  3616
201398923     3  3520
201464463    81  3691
201792146    58  3684
201202322   156  3477
201661078    15  3652
201726615   100  3681
201726616   129  3671
201464476   115  3666
201398942    65  3652
201661087    87  3678
201923238    22  3698
201726630    17  3648
201202343   105  3683
201726633    22  3664
201595562   228  3522
201857708    65  3614
201661101    42  3632
201661102    32  3646
201857722   100  3652
201136826    39  3688
201464514    17  3653
201267918   155  3666
201726671    28  3643
201857746    85  3669
201202388    13  3700
201923289    11  3620
201333466   324  3676
201792221     8  3648
201661152    34  3659
201923297   864  3468
201464546   118  3655
201333477    58  3682
201333480    22  3608
201857769    79  3606
201595624    36  3610
201923310     2  3522
201464574    42  3663
201202432   804  3718
201333506    28  3674
201202436    30  3645
201857797    29  3624
201399045    68  3654
201792263    78  3689
201726730     0  3622
201726735    69  3689
201202449    38  3647
201399060     1  3569
201136920   195  3668
201464601   151  3637
201268012    26  3649
201268019    65  3681
201595699    42  3623
201857846    30  3645
201202491    69  3677
201923398    19  3657
201792333    81  3691
201268053    65  3678
201333598    11  3643
201595757    65  3656
201661296    55  3658
201923444    49  3534
201661301   132  3671
201923447    52  3591
201399162     8  3618
201857921     2  3653
201399173    55  3668
201595781    31  3628
201923463    20  3656
201464718   143  3675
201268111    86  3680
201595795    19  3650
201268122    13  3601
201464730    52  3629
201661345    13  3679
201857956     4  3609
201595813    71  3640
201333670    11  3667
201464746    62  3656
201595819    42  3681
201923499    40  3652
201202609    80  3682
201202614    51  3671
201530296   837  3586
201661373    48  3651
201726919   206  3691
201464775    12  3638
201202640    15  3623
201202648     0  3623
201464793    72  3682
201726944    44  3656
201595877    62  3676
201333739    78  3576
201923566    11  3635
201858033   141  3662
201202674     7  3644
201333748     9  3624
201726970    69  3641
201202685     7  3684
201858058    20  3532
201923601   135  3680
201661464    14  3623
201268248    82  3596
201268269    23  3661
201595951   107  3679
201727030    26  3699
201399352     1  3612
201268284   101  3671
201595971   100  3691
201202758    96  3670
201727051    22  3635
201595980    49  3658
201333838    11  3579
201202768    21  3625
201268307   120  3438
201464921    32  3623
201464923    11  3660
201727067   100  3688
201858143    35  3556
201333860    44  3658
201858150    16  3612
201727080    23  3663
201727090    42  3661
201333877    36  3682
201923702    59  3548
201727100    23  3660
201923708    43  3647
201923712    51  3658
201661572    20  3656
201464977    90  3631
201596050   142  3629
201923732    83  3657
201727125    16  3615
201137309    64  3665
201727137   167  3589
201596065    22  3639
201464997    87  3647
201661611   110  3597
201399471    28  3637
201465009    57  3648
201137334    99  3655
201923768    86  3658
201792696    20  3658
201530556    32  3651
201661632     0  3639
201268417    75  3665
201202882    15  3644
201596099   115  3649
201792708    47  3665
201596101    82  3683
201858247    15  3641
201202888    65  3560
201596105    68  3624
201923786    26  3699
201202889     8  3594
201202892   130  3651
201137359   100  3666
201923791    35  3631
201137361    71  3668
201727186    81  3647
201137369   134  3671
201727208    29  3677
201727209    81  3667
201858282     7  3647
201268460    41  3663
201530606     7  3662
201596143     1  3615
201596148    93  3697
201858293    25  3562
201727223    92  3694
201530616    20  3655
201399551    83  3624
201923841    72  3562
201596161    25  3657
201530627    17  3646
201727242    38  3585
201727247    23  3648
201596181    48  3700
201858332    37  3640
201858344    70  3672
201399594     7  3572
201661740    94  3703
201268530     6  3653
201334069    67  3708
201923899    84  3669
201268546    70  3661
201399619     0  3586
201596227    35  3684
201596231    67  3688
201727304     6  3601
201596238    97  3678
201858384   118  3692
201858390   117  3643
201792855    90  3699
201399640   290  3690
201661790    16  3628
201727327   124  3691
201792863   121  3675
201137508    56  3653
201661798    10  3603
201530733    11  3646
201334131    27  3656
201923956   126  3688
201727350    43  3668
201923962   108  3662
201399681    25  3689
201203093    64  3653
201923989    81  3685
201203097    91  3669
201727386    11  3669
201596316    17  3664
201596324    15  3633
201792933    58  3614
201203108     7  3578
201792937    45  3699
201661870    76  3502
201137589    53  3698
201465270    10  3592
201596347     9  3662
201137600   116  3669
201399745    13  3653
201203138    27  3689
201792962    41  3681
201858496     5  3544
201399749    85  3610
201792964    46  3684
201661897    85  3658
201268683    35  3619
201399756    14  3690
201924043  1756  3678
201596367    66  3628
201399763    57  3653
201530837    32  3628
201858518   171  3687
201530839    85  3666
201596379     8  3654
201661925    50  3556
201203174    30  3641
201727464    32  3654
201334251    19  3687
201203179    53  3702
201268724    84  3635
201530873    21  3645
201793025    17  3664
201399827    54  3696
201727507    12  3595
201203224     8  3616
201334298     6  3640
201334300     0  3592
201727520    85  3653
201727521    18  3604
201727522    50  3683
201858597    84  3599
201858599    59  3686
201727528    11  3680
201596458    17  3658
201596465    33  3604
201858612   210  3674
201727542    22  3678
201530934    17  3659
201334333    44  3661
201203266    58  3639
201662025    13  3644
201203275    68  3649
201727570    17  3662
201858645    91  3651
201858646    63  3647
201530966   150  3689
201203297    89  3664
201334369    10  3660
201268834    14  3674
201334372     1  3649
201662054    38  3647
201530988    62  3613
201727597    18  3665
201596534    48  3660
201662075    14  3556
201858686     7  3611
201531012   197  3648
201203333   138  3664
201727621    21  3647
201662093    26  3613
201137807   101  3659
201662106     6  3650
201465501    74  3670
201727646    56  3629
201793194    61  3701
201596590    53  3653
201531058   211  3624
201531063    12  3568
201596600    82  3640
201596602   139  3662
201203389   126  3653
201793214    21  3674
201924286    10  3583
201203394   112  3612
201137859   102  3650
201203402    12  3632
201662158   175  3670
201465553    23  3624
201662164     6  3641
201727702   100  3655
201400022   102  3644
201924316    59  3673
201203425    62  3661
201793259    81  3659
201268977     7  3654
201793267    45  3685
201268987    62  3658
201596667    42  3658
201727748    20  3660
201531149     0  3596
201596686    36  3657
201203472    52  3650
201727764    11  3705
201269015     3  3672
201924377   156  3657
201793308    60  3658
201531167    96  3685
201400095    51  3678
201203495   160  3638
201924393    30  3583
201596715     6  3602
201858862    14  3600
201662254     3  3606
201531185    15  3640
201400124    64  3651
201596733   149  3630
201465661    92  3696
201334591   113  3680
201924416   120  3672
201269055    23  3654
201924421    44  3668
201596742     0  3659
201203535    56  3683
201793360   157  3678
201269078    80  3572
201662295    75  3684
201727840    59  3636
201858914    50  3686
201334629    45  3546
201662312     0  3649
201531253    83  3697
201203579    51  3675
201203581   103  3646
201793406    51  3659
201138049    47  3533
201924485    87  3631
201203595    30  3670
201924492    87  3664
201727883    35  3657
201334674    20  3685
201138070   119  3692
201793444    49  3609
201203625    75  3668
201203630    14  3606
201924526    61  3647
201793456     9  3673
201334714     2  3675
201531324   578  3472
201269180   105  3644
201596863    10  3644
201400258    55  3640
201596872    35  3666
201334731   158  3658
201793485    70  3664
201727966    74  3663
201400287     7  3667
201269216    13  3638
201531358    75  3706
201400291    20  3664
201203683   148  3668
201727974   144  3701
201793511    18  3616
201727978    43  3672
201727980   137  3691
201662445    61  3690
201269232    50  3628
201662449    26  3636
201793522    42  3586
201727985    53  3695
201269236    34  3665
201334770    63  3658
201465843    95  3662
201465848    55  3647
201531385   136  3672
201531389   130  3670
201596927    67  3657
201531392    85  3638
201662464    61  3677
201662467    58  3663
201465865    13  3654
201728012     6  3659
201924621   136  3645
201203726    21  3619
201793550    39  3672
201400336    27  3641
201269265    82  3550
201531404    84  3676
201924628   111  3673
201596949    51  3588
201728024    84  3693
201334810    21  3640
201203742    21  3641
201924643    70  3652
201596964    23  3655
201400358    25  3678
201596966    18  3636
201531435    25  3561
201465900    28  3617
201728046    48  3636
201793584    32  3684
201924666    40  3666
201269306     1  3648
201859138    80  3652
201662531    30  3651
201859140    47  3663
201662533    88  3663
201531459    49  3622
201662535    14  3658
201728074    72  3692
201859152    69  3620
201662546    21  3648
201728082    89  3651
201728093    12  3611
201597022    50  3684
201269344    22  3632
201400418    62  3672
201662565    88  3674
201728105    50  3702
201793642    17  3664
201597033   105  3679
201662573    26  3660
201334894    61  3669
201400433    92  3575
201203827    20  3628
201269363    16  3633
201859194    32  3655
201531522    19  3689
201531525     0  3576
201203847    24  3584
201793676   141  3681
201531536    75  3614
201859216    80  3668
201269396    53  3654
201597077    15  3646
201597081    18  3672
201466011    12  3668
201662621    41  3677
201793701     0  3623
201728165    20  3584
201597099    59  3670
201924786    42  3596
201203897    28  3663
201531578     0  3657
201728189    94  3686
201269438    64  3598
201138368    38  3646
201334984    37  3658
201662676    51  3654
201662681    28  3666
201335004     1  3596
201728226   237  3509
201597155    52  3651
201793774    68  3659
201203954     5  3639
201203955    82  3654
201203957   112  3619
201400567    99  3695
201531643    55  3694
201597187     9  3648
201662725    28  3624
201466118    13  3622
201531658    10  3646
201269514     0  3657
201466124    35  3631
201269521    60  3663
201728276   136  3650
201531672    42  3686
201400606    59  3639
201269535    98  3660
201138463    86  3629
201204001    74  3616
201859362    15  3699
201924898    10  3614
201204005    47  3650
201728303   121  3539
201269559    24  3664
201466171    72  3654
201531712     9  3633
201859393    84  3635
201859398    64  3676
201597256    27  3609
201924937    50  3579
201466186    15  3628
201204043    47  3696
201138512   145  3676
201269585    86  3654
201269591   146  3616
201269592   104  3676
201400667    57  3650
201859424    84  3657
201204068    44  3573
201466213     3  3612
201204069    26  3674
201269605    48  3622
201662832   270  3672
201269618    45  3650
201859447   134  3656
201728380    18  3577
201466239    33  3670
201138561    49  3585
201466241    57  3650
201466253    87  3681
201728399    26  3695
201597331   190  3699
201859487    23  3692
201466275    64  3580
201204133    78  3637
201728422    89  3666
201925035    99  3636
201466285   142  3646
201597364    19  3662
201662902    23  3664
201859517    37  3568
201662910    59  3640
201793989    95  3679
201859526   144  3687
201859529   227  3618
201400781    90  3654
201138638    39  3642
201466319    18  3671
201728465     6  3643
201335257    61  3658
201466330    12  3685
201925086    77  3670
201859551    88  3675
201859558    67  3661
201859566   114  3661
201400814   145  3690
201925104    14  3677
201466357    33  3656
201531895     4  3622
201466362    24  3678
201728507   121  3657
201728509     4  3596
201597447     9  3657
201204238    46  3674
201597457    55  3642
201531924    77  3676
201728538    34  3665
201728540    29  3654
201794077    81  3668
201204261    73  3694
201794089    81  3681
201728554    67  3679
201204268    97  3659
201531949   110  3475
201138736    28  3649
201925169    66  3610
201400890   141  3684
201466427   100  3660
201794107    58  3658
201204284    10  3692
201204296    10  3632
201925199    15  3685
201663062    86  3647
201400921     3  3628
201597538   125  3619
201663079   137  3652
201728616   168  3699
201269867   168  3645
201269874    14  3664
201269879    47  3642
201204345    65  3622
201400961    35  3678
201663108     7  3624
201269893    13  3657
201663111    58  3624
201269896    42  3615
201859723    12  3610
201335436     1  3543
201466520     9  3661
201859741    24  3673
201138849    96  3628
201466538    34  3635
201597610   113  3486
201597612    24  3679
201466539    73  3676
201925300   128  3688
201728694   122  3664
201728704    48  3647
201663169     0  3612
201728708    23  3638
201663174    16  3699
201597642   121  3652
201794251     5  3658
201925324    44  3629
201597644    90  3661
201859794    21  3523
201925337    91  3626
201794266     4  3647
201794280    88  3664
201597673    59  3671
201859821    40  3613
201532145    42  3687
201204466    69  3635
201794291   139  3674
201597684    13  3637
201532149     7  3579
201597690   147  3669
201728766    32  3667
201728778    24  3641
201597706    16  3666
201532172    23  3708
201728782    86  3680
201663250    59  3670
201794328    41  3663
201466648    62  3613
201532189     5  3640
201270046    12  3645
201597726    59  3701
201859871   107  3664
201401126    44  3647
201794343   101  3690
201663287     0  3587
201859896    49  3680
201335609    15  3666
201597754   122  3697
201466685    98  3616
201859902    43  3465
201597769   124  3643
201532234    37  3673
201401163    74  3596
201270095    30  3644
201597777    36  3643
201728849    96  3687
201532242     7  3652
201794387    12  3664
201204568    87  3661
201270104     7  3595
201532249    35  3661
201532251    82  3677
201204571    33  3441
201859935   146  3645
201204580    67  3668
201204582    91  3635
201204584    60  3671
201794409   147  3651
201728874    70  3651
201925483   124  3667
201532270   159  3651
201794423     0  3663
201270140    11  3690
201728899    96  3668
201794437    52  3673
201859973    34  3595
201663371   130  3672
201794446    47  3677
201532310    51  3671
201597852    12  3640
201859997   107  3678
201270176    56  3577
201335712    18  3665
201139106    31  3618
201335717     8  3674
201597869    28  3644
201204655    80  3620
201663418    56  3675
201663420    41  3641
201597889    19  3635
201860033    20  3447
201860035    55  3611
201401282    73  3685
201204677     4  3665
201532365    35  3676
201532369   138  3686
201925585   120  3618
201204690     9  3655
201597919    58  3619
201794528    12  3657
201466852   113  3656
201663460    56  3547
201335782    86  3670
201532390    54  3644
201204712    50  3650
201204715    42  3639
201532397   176  3649
201729006    14  3630
201729007    31  3654
201139187   219  3647
201270260    76  3672
201663478    19  3660
201794558    30  3607
201597954    31  3657
201729032   130  3494
201729034    41  3684
201663499     0  3573
201401359    22  3653
201794580    26  3683
201794581    78  3686
201401367    78  3655
201335842    36  3649
201466915     9  3676
201270310    80  3676
201597992   326  3490
201204782    28  3672
201597999    11  3650
201335856     9  3547
201925683    93  3678
201860152    34  3654
201466937    11  3671
201204794    25  3635
201401405    20  3615
201270334     9  3610
201204808    75  3662
201401417    63  3649
201204810     9  3555
201532493    13  3669
201729101    68  3697
201466962   121  3672
201401429    39  3641
201598053    21  3626
201466983    96  3682
201729128    99  3662
201466986    19  3595
201794667    35  3654
201663609     2  3637
201204860    95  3654
201139325    60  3665
201860222   111  3679
201663618    55  3670
201467012    99  3687
201860242   157  3675
201204883   198  3632
201335955     2  3657
201860245   101  3661
201794712    10  3661
201598105    11  3620
201532570   163  3632
201663659    36  3670
201270444    90  3683
201925806   235  3690
201663664    38  3676
201532592    40  3665
201663673    56  3671
201925822   215  3689
201204926    81  3665
201270464    67  3444
201663681    40  3642
201204929    13  3638
201794752    80  3616
201663682    15  3700
201860297   101  3666
201794765   115  3657
201925838    56  3606
201729231    75  3621
201663699    15  3648
201270491    45  3631
201794783    42  3666
201532644    55  3654
201204973    79  3590
201598192    16  3638
201729267    -1    -1
201401597   178  3671
201925894   142  3658
201467149     2  3653
201205007    25  3569
201401618     1  3600
201401619    48  3661
201729300     5  3625
201663772    19  3661
201860380    44  3641
201270565    39  3670
201336104    18  3680
201794859   108  3655
201139500    27  3674
201532725     2  3620
201532727   362  3721
201794872    14  3681
201336135    53  3676
201205065    71  3657
201729357     0  3631
201598290    35  3686
201467221    13  3661
201663831    78  3617
201860442    39  3683
201663841    54  3675
201401699     6  3466
201860455     7  3599
201925992   174  3670
201794921    40  3675
201270635     2  3666
201532783   151  3575
201532788   166  3660
201532791    75  3698
201598327   177  3634
201926011    95  3661
201270658    56  3659
201926026    20  3620
201532814    61  3701
201729424    90  3666
201532819    11  3609
201729427   122  3692
201729429    45  3602
201139607   109  3650
201794967     4  3598
201336218     9  3583
201467296    43  3669
201860516   194  3678
201926055    12  3603
201598381    67  3545
201860527    66  3653
201729458     5  3580
201729461    50  3700
201270714    52  3679
201663932    58  3667
201926077    76  3629
201663934   105  3678
201336255    17  3678
201795011    44  3530
201663942   738  3670
201336263    81  3685
201401802    74  3597
201795021    31  3666
201270736    37  3661
201532881    12  3682
201795027    42  3683
201926103    17  3646
201467358    43  3598
201598434    19  3589
201795042    73  3689
201532902    58  3648
201401831    12  3662
201926120   173  3423
201598441    31  3644
201860585   144  3657
201729521    53  3606
201270773    72  3646
201598456    26  3691
201532921   117  3635
201270778    21  3676
201663996    34  3609
201860608    37  3649
201467405    66  3687
201336337    51  3662
201467415     1  3628
201401884    42  3632
201664029    18  3636
201205279    63  3658
201795107    52  3675
201401891    76  3682
201664038    33  3649
201467430    61  3649
201139757    17  3677
201860653   327  3419
201729582    86  3704
201467442     2  3526
201598519    17  3640
201205315     4  3627
201729603    13  3687
201926214    41  3651
201729608   191  3674
201729612   137  3668
201533010    15  3633
201598550    89  3684
201205335    31  3587
201664094    11  3652
201664104    35  3657
201860722    57  3683
201467521    10  3566
201795204    12  3615
201860743    -1    -1
201467530    17  3642
201926283    60  3540
201729677   152  3674
201664144    41  3661
201795220    90  3650
201402005     7  3649
201795222    37  3664
201467545    25  3643
201860765    11  3642
201336487    83  3649
201402023    99  3646
201795241   101  3647
201598634    68  3667
201598637    13  3665
201795246    30  3652
201402029     9  3667
201467568    15  3626
201598642    24  3656
201729714   299  3502
201598649    38  3632
201926335   124  3667
201270984    50  3676
201664207    14  3669
201598672    47  3633
201205461   122  3666
201205469    95  3614
201467614    62  3689
201860840    51  3608
201533161    28  3659
201533164    10  3633
201664238   158  3577
201729781    19  3668
201598714    11  3679
201664254    73  3657
201926398    96  3634
201795327    25  3658
201402110    37  3702
201598723    95  3640
201664261    26  3603
201336581   104  3652
201795335    38  3681
201402123    10  3674
201467660     8  3618
201598732   212  3663
201598736    23  3658
201598739    14  3598
201533219     5  3615
201860921   113  3655
201467707     7  3688
201271106    10  3659
201336648    25  3572
201140042   105  3657
201598796     5  3634
201664337    45  3663
201729875    75  3636
201205589    12  3670
201205590    13  3654
201729882     5  3643
201795425    54  3661
201205604    29  3621
201729894     0  3607
201729898    85  3661
201664370    59  3690
201140083    66  3515
201533299    99  3678
201271157    48  3672
201860985    14  3674
201402233    14  3593
201140091   118  3654
201729918    55  3670
201598854     7  3632
201402247   122  3651
201205648    55  3666
201795475    40  3696
201271189    37  3630
201205655    13  3629
201336728   100  3657
201861020    25  3638
201271197    20  3672
201729948   118  3670
201664419    66  3659
201926566    47  3638
201336744    59  3663
201664425    88  3674
201729961   146  3679
201861036    72  3663
201729970    60  3690
201598898   130  3682
201795506    83  3615
201205683    39  3676
201402299    39  3663
201205692    85  3633
201926588    19  3675
201271230    94  3648
201926590   107  3658
201598912     2  3604
201926593    22  3617
201533375    12  3656
201205704    45  3606
201861067    17  3655
201598925    53  3648
201861069    38  3693
201467860   124  3645
201533398    66  3671
201664471   101  3648
201730007    30  3679
201861091    62  3530
201861094    84  3657
201205741    71  3654
201730030    55  3637
201336818    51  3655
201861116    65  3645
201271295    85  3651
201336833    77  3659
201271300    39  3674
201402373    20  3587
201730055     7  3604
201402382    47  3662
201730065    93  3665
201926673    71  3660
201271315    27  3648
201664532    10  3691
201730073    16  3666
201205787    82  3671
201861147    47  3653
201533467    11  3670
201467937   124  3661
201861156    63  3679
201730085    56  3647
201271334    61  3581
201402407     3  3673
201664552    41  3639
201861160   107  3677
201533482    53  3668
201467948   129  3642
201730097   124  3689
201599033     6  3608
201205818    89  3695
201271355    84  3637
201861180    15  3639
201599049   274  3462
201926730   162  3654
201467981    27  3651
201599061    22  3626
201730134     1  3645
201467990    78  3634
201795672    84  3663
201730142    85  3608
201926757    55  3659
201402475    38  3647
201861231   111  3663
201730166    52  3682
201402490   120  3696
201402494    89  3657
201402495     9  3590
201664640   120  3664
201664642   251  3680
201664643    42  3592
201730192   214  3667
201468050    16  3649
201533588    40  3671
201730197     7  3648
201664662    38  3597
201140377    54  3688
201402533    61  3651
201730222    50  3666
201205935    51  3667
201730224     3  3608
201664689    59  3642
201664691     3  3617
201730227    63  3644
201533621     0  3589
201140406    97  3629
201599158   107  3700
201205945    31  3622
201337020    68  3661
201861327    13  3649
201861328    88  3650
201140433    38  3638
201205972    57  3675
201533656    77  3616
201337050    54  3673
201926875    70  3670
201795805     9  3617
201402593    77  3667
201926884   144  3646
201402601    73  3695
201926890    22  3662
201664748    83  3692
201926892     9  3511
201664750    66  3668
201926898    56  3674
201730304    19  3657
201533707    35  3583
201337101    38  3696
201402641     5  3595
201337112    30  3661
201599262     9  3660
201664803     8  3666
201926949    69  3635
201533733    18  3669
201664806    53  3641
201599269    12  3687
201926953    34  3673
201599275    56  3645
201664812     3  3616
201533741    18  3674
201730358   160  3661
201337146    11  3686
201664830    41  3643
201664831   155  3660
201140550    84  3641
201926983   115  3605
201664839    25  3672
201533770    15  3660
201206091   114  3663
201599308    19  3641
201599307    17  3702
201795919    44  3660
201140566    89  3659
201533786    59  3663
201730405    20  3653
201271655    41  3627
201140586    29  3683
201927024    47  3671
201468274    70  3565
201795956   191  3670
201795969   169  3494
201664904     3  3580
201927054    21  3681
201861526    26  3629
201795992     1  3624
201730458     8  3623
201468317    10  3646
201796000    13  3639
201599396     5  3616
201337257    10  3582
201468333    52  3615
201533871    59  3559
201337266    23  3678
201730486    20  3664
201140663    44  3554
201664951    83  3632
201140673    22  3668
201206209    58  3644
201533892    27  3671
201927109    61  3689
201796038   143  3675
201730507    36  3610
201402836    47  3628
201271768    56  3683
201861594    57  3668
201730523    28  3648
201599452   137  3646
201861595    69  3614
201599453    13  3666
201664988    16  3653
201861604    35  3639
201665016    96  3673
201730556   160  3674
201665024  1530  3673
201599489    20  3533
201730569   100  3643
201533963    72  3668
201927179    33  3670
201271821     7  3654
201599504    26  3618
201927185    47  3585
201140757    20  3637
201140768    88  3652
201206308    81  3681
201861675    62  3665
201206321    81  3629
201534002    10  3665
201337398    22  3680
201796159    73  3647
201468480    97  3685
201402950     6  3582
201730634    64  3566
201206350    26  3679
201140819    68  3666
201206360    58  3673
201796186   105  3652
201140828   112  3697
201206370    15  3675
201796198    48  3703
201468525   120  3655
201534061    48  3679
201337455    58  3660
201271917    69  3633
201861760    85  3669
201796225    13  3681
201861767   110  3660
201796238     5  3653
201599644    56  3600
201599645    19  3574
201534115    35  3637
201468580    67  3645
201927336    43  3608
201861804    46  3628
201730734    12  3678
201206449    57  3661
201927351    15  3558
201665207    35  3706
201796285    10  3611
201337538   102  3641
201206470    89  3667
201468617    78  3572
201206483    78  3643
201730772    12  3620
201861844    31  3539
201206487    15  3639
201730776    51  3492
201272025    72  3672
201206496    10  3620
201730788    16  3703
201140964   150  3672
201272045    62  3631
201140975   110  3660
201796337    89  3699
201534197    12  3703
201206519    35  3676
201206520    63  3475
201730811    10  3654
201272062    11  3678
201665284     7  3553
201927431    54  3672
201534215    29  3653
201861898    82  3695
201599755     8  3593
201796364    29  3671
201206538    20  3679
201796366    52  3657
201665294    73  3666
201599754     9  3617
201796374    86  3662
201730841    27  3646
201534234    68  3653
201468700    63  3656
201534238    26  3622
201206559    10  3670
201730852    46  3688
201206565    16  3549
201665317   136  3603
201665328   153  3654
201599797   150  3654
201468730   108  3637
201534275     3  3637
201468741    27  3643
201534277    47  3650
201730885    96  3647
201206607    46  3511
201730902    74  3669
201468759    83  3629
201206618    16  3671
201861980    33  3663
201206621    23  3671
201141091    26  3693
201468771    11  3601
201796452    11  3648
201272167    37  3653
201730921    27  3669
201665385    37  3657
201403246    12  3620
201206645    31  3610
201599861    58  3659
201927556   111  3667
201665414    13  3696
201796496   166  3665
201534352   130  3669
201206674    27  3613
201665427     8  3586
201534356    53  3637
201927568   312  3680
201141142     6  3632
201272216    59  3688
201468827    17  3603
201272222    65  3650
201534372     7  3645
201862055    34  3674
201927602    18  3641
201534397    57  3685
201534398    17  3616
201403326    30  3614
201599937    20  3655
201862082   142  3659
201599938    20  3620
201665478   113  3661
201927623    44  3554
201927625    46  3635
201206730    43  3645
201534414    11  3646
201599953     6  3637
201206743     2  3676
201862104    34  3649
201665500  1039  3649
201403360     0  3653
201337826   149  3672
201468901    11  3682
201206759    11  3629
201599980    23  3647
201206766    28  3642
201206773    59  3663
201141237    39  3677
201927670    13  3651
201206776    77  3670
201534458    66  3644
201665537    95  3681
201468930    99  3665
201862151   104  3634
201206795    72  3644
201206797    49  3568
201141265    30  3678
201600024    63  3651
201272345    25  3640
201403419     6  3663
201600033    17  3622
201534497    61  3690
201206823    41  3657
201796647    97  3668
201468971    53  3699
201337904    31  3686
201272368    24  3633
201665588    65  3668
201403446     6  3523
201337918   102  3684
201665600    39  3643
201206850    -1    -1
201731139    74  3668
201534540    -1    -1
201534548    36  3660
201731158    58  3692
201337945    31  3569
201731169    48  3664
201600105    19  3646
201206891    13  3642
201337966   112  3671
201534575    20  3618
201469045    57  3631
201862262    82  3630
201731189     1  3603
201731190    86  3674
201403513    56  3653
201403514    51  3662
201665657    59  3655
201469063    11  3622
201665673   113  3668
201927819    71  3660
201600142   116  3665
201338001    86  3619
201731218    99  3665
201534610    38  3586
201796757    35  3599
201534615    27  3654
201272471   159  3618
201534617    36  3635
201665692    61  3669
201469088   107  3623
201403555    52  3663
201731247    52  3608
201338032    17  3664
201600178    56  3670
201796789    59  3689
201665718    10  3550
201600189     6  3678
201206979    15  3613
201796808    21  3674
201600202   121  3549
201731278    18  3697
201600206    61  3669
201403607     1  3586
201272536    52  3673
201927900    80  3651
201272541   105  3593
201600223    97  3694
201207010    51  3655
201403621    29  3689
201534695   111  3673
201338088    46  3646
201600241    81  3668
201272569    26  3610
201731326   227  3692
201665795    94  3625
201862404    13  3638
201469194    38  3535
201600267    73  3663
201927949   147  3654
201927952    46  3660
201469205     6  3679
201534742    57  3648
201207066    45  3698
201600283    70  3693
201403676    35  3663
201796893    18  3657
201272609    49  3661
201534754    13  3636
201862435    53  3653
201731379    27  3671
201731381    62  3586
201469249    21  3671
201141572    13  3658
201403717   103  3697
201665863    14  3652
201469257   121  3618
201338188    25  3666
201600334    58  3666
201207133     0  3634
201272670     1  3503
201665885   141  3631
201796965    85  3678
201207151   110  3696
201600371   106  3686
201600374     5  3578
201338232    27  3672
201272697    24  3648
201928061    20  3691
201403778   239  3431
201862530    12  3629
201338247    40  3566
201928073   150  3696
201600400     1  3608
201469329    15  3613
201207184    36  3434
201207188    19  3673
201928085    15  3504
201141655    86  3702
201600407    61  3627
201600408    75  3656
201862554    36  3687
201534873    63  3591
201207197    26  3656
201665950    62  3661
201731487    26  3669
201665952    80  3611
201862561    31  3696
201862563   118  3645
201403814    47  3643
201338280    44  3670
201928106   149  3650
201338283    66  3704
201207211     2  3564
201600441    18  3648
201338300    15  3640
201862589    60  3695
201338306     1  3708
201272772    43  3692
201469383    71  3688
201665998    33  3634
201403858   121  3678
201600469    88  3651
201731544    10  3619
201338342     9  3593
201207272    65  3660
201928170    20  3583
201862635    86  3676
201403884    33  3668
201534958   108  3661
201731568    27  3698
201207296    53  3662
201534983    31  3683
201207303    56  3652
201338379    43  3679
201207315   152  3668
201862680   142  3663
201207332    51  3701
201207333    28  3501
201600550    18  3698
201141799   132  3669
201731625    23  3675
201600555    91  3661
201272877    35  3676
201862715  1155  3476
201338431   237  3656
201928256   106  3602
201862727    68  3623
201600585     3  3634
201797198    29  3654
201600590   109  3678
201928270     0  3579
201862737    25  3664
201338448    17  3674
201862738    94  3640
201469525    70  3652
201207384    94  3649
201272921    23  3671
201469532    79  3660
201731678   259  3660
201207397     9  3636
201272934    59  3606
201469541    88  3628
201600615    33  3656
201666149    36  3684
201797228    24  3629
201797230    67  3661
201207407    70  3596
201141876    44  3660
201862783    56  3626
201338496    14  3694
201207428    59  3657
201272964    13  3676
201666180    11  3633
201338508    36  3666
201862799    19  3580
201272976     6  3648
201207445    49  3656
201797275    29  3668
201272989   108  3677
201600674    47  3701
201862819    92  3623
201272997    64  3649
201666222    82  3671
201600690    13  3667
201600691    89  3675
201404084    66  3687
201731767    27  3699
201207487    33  3598
201666243   122  3636
201666250   163  3666
201928395   106  3675
201797322    65  3661
201862858    12  3661
201535193     3  3613
201862875    38  3696
201535195    20  3679
201404133     1  3639
201666277    15  3619
201535216    11  3668
201666289    16  3674
201535234    74  3702
201731844    37  3631
201535238    48  3675
201731847    17  3679
201142023    31  3600
201273103    30  3682
201731857    65  3685
201797399    41  3680
201797400    30  3653
201731864    11  3672
201666330    69  3610
201535255    49  3688
201273122    12  3675
201404197   122  3695
201928486    99  3664
201404199     6  3604
201142056    90  3662
201731879    12  3673
201469738    50  3637
201731885    16  3651
201142064    63  3639
201535281    64  3665
201404214   122  3710
201535292    66  3680
201666367    67  3685
201928514   157  3607
201600840    12  3663
201142088    49  3597
201862988    22  3604
201600846    58  3667
201535313   118  3684
201207634    15  3656
201535316    66  3670
201404244    73  3672
201338710    29  3630
201207642   106  3633
201535333    51  3683
201404264     1  3553
201731948    18  3679
201142127    17  3675
201142128    76  3661
201666416    49  3628
201338738    24  3709
201600885    26  3623
201207669     1  3556
201928567    87  3684
201731958    58  3684
201404281    12  3459
201207683   110  3503
201535363    82  3653
201797512     1  3610
201404307     6  3528
201600917    91  3663
201797530    18  3653
201600923    93  3616
201863071    53  3664
201142176    30  3624
201600929    27  3670
201404322    60  3636
201928612   238  3492
201928613    36  3613
201797545    85  3647
201666475   118  3626
201797549    21  3692
201273268     0  3568
201863093     2  3686
201928630     4  3624
201273269    77  3669
201863094    11  3616
201469885    27  3610
201338814    27  3674
201666497    11  3653
201469890   144  3662
201863118    35  3636
201207760    87  3662
201338833    26  3649
201273299    32  3630
201469908    84  3654
201535455    59  3663
201928676   106  3647
201207781    50  3612
201601006    95  3667
201732083    53  3693
201535478     5  3625
201207802     0  3629
201601019     9  3636
201338876    30  3662
201666558    68  3654
201207812   106  3605
201404421    44  3695
201535497   108  3666
201732105    91  3450
201666574    56  3689
201666578    37  3672
201797652    31  3657
201666581    24  3646
201928731   127  3682
201732126    23  3686
201535523    11  3631
201732132     5  3606
201863205    46  3645
201928742    11  3615
201535528   116  3652
201535533    17  3646
201601070    17  3642
201928749   140  3700
201207854     5  3660
201535535    98  3681
201732147    21  3671
201338953     7  3664
201863244    23  3619
201928788    83  3657
201601122     6  3626
201338981    15  3675
201601126    38  3654
201928815    12  3637
201732208   149  3708
201601138     9  3619
201732210    11  3646
201732212    16  3668
201273462   228  3605
201797752    73  3645
201339008    23  3651
201404547    33  3647
201601162   231  3473
201732237     2  3599
201732238    28  3566
201666708    48  3606
201207958    41  3604
201928861    43  3565
201142430    37  3670
201928864    93  3610
201732257    42  3621
201207970    38  3644
201207974    54  3651
201142448     1  3652
201732272   131  3664
201797810    65  3675
201863350   154  3631
201339067    55  3673
201535676    61  3647
201470147    59  3609
201339075    55  3674
201732294    39  3642
201732296     0  3613
201142477    14  3664
201404622     2  3554
201142481    26  3683
201470167     0  3662
201732329     9  3665
201928944    67  3664
201666802    10  3663
201666809    12  3587
201208060   144  3675
201928964    46  3689
201601287    -1    -1
201928968    -1    -1
201863443    66  3655
201732373     9  3677
201863453    67  3654
201208094    28  3541
201339167    15  3649
201666856    48  3628
201601323    13  3685
201208113    47  3634
201535793    59  3651
201863475    36  3622
201732406    12  3658
201535799    85  3662
201863481    67  3679
201601339    84  3650
201732413    77  3592
201863488    37  3659
201535813    28  3687
201797965   144  3676
201863502    96  3680
201208142    62  3615
201404752    72  3668
201535830     8  3655
201797985    84  3698
201863521    72  3669
201535841    14  3613
201404783    86  3655
201470328    25  3623
201273726    96  3634
201666946   263  3698
201208212    41  3673
201339301    53  3679
201732520    86  3690
201535920   117  3677
201470392    15  3680
201339324    55  3668
201798083    89  3533
201535942    38  3565
201404877   126  3638
201732557    63  3671
201863634    71  3658
201863635    98  3685
201863639   134  3675
201535960    40  3652
201404889    33  3699
201732568     7  3644
201798110   103  3670
201929184   125  3678
201667042   111  3653
201667059    55  3648
201732599   124  3687
201273850     0  3660
201732604    40  3659
201142781    28  3658
201601533    76  3657
201732607   109  3636
201601537     4  3586
201798146    35  3672
201470467   111  3693
201667079    32  3656
201601544   115  3656
201536011    17  3658
201929229    42  3578
201732623    29  3600
201667088     2  3625
201142802    99  3676
201667093    30  3644
201404950    16  3661
201732632    31  3608
201470492   145  3590
201208350   171  3663
201339427    48  3682
201601572    49  3634
201339432    47  3652
201929258    47  3649
201798187    65  3633
201667116   161  3644
201601581    84  3616
201470508    19  3664
201273907    31  3594
201339447    23  3665
201667132    41  3676
201667133    35  3661
201667139    11  3651
201404996   138  3660
201339463   112  3656
201667145    -1    -1
201929293   127  3644
201929294    62  3596
201863759   103  3647
201536080    36  3618
201273936    51  3675
201798225    81  3649
201470543    10  3589
201273937    46  3676
201667157   145  3655
201732694    37  3556
201732698    52  3687
201929308    53  3669
201863773    33  3666
201405026     6  3579
201601634     7  3645
201208421    54  3695
201732716    21  3706
201405036    57  3691
201208428    38  3621
201208431    14  3672
201208433   127  3665
201667189    10  3650
201536117     7  3639
201405046    55  3652
201273981    75  3605
201273986    76  3656
201273987   151  3650
201667204    48  3635
201863827    11  3686
201601684    46  3576
201863835    46  3620
201536157    17  3653
201339551    55  3592
201274018    17  3662
201339560   119  3691
201208496    53  3618
201208499    40  3663
201405113    10  3626
201798330    29  3635
201405115    11  3626
201798336    46  3637
201601735    75  3625
201208525    12  3613
201208527    43  3597
201601745    58  3641
201536214    11  3626
201405143    47  3626
201601754    14  3611
201208542    32  3641
201601759    49  3609
201536226    13  3655
201732835    27  3648
201208557   169  3651
201601776    38  3641
201601780    87  3647
201863925    33  3632
201470716    28  3650
201667325    45  3697
201667326    17  3689
201601791    60  3647
201667327   223  3691
201863932    31  3653
201536254    12  3660
201798404    31  3583
201798408     7  3604
201601803    48  3656
201601807    66  3677
201732884    77  3671
201339675    49  3685
201143076    84  3686
201470762    73  3648
201863981    11  3585
201339702    91  3629
201274176    61  3661
201601861   100  3638
201470793    33  3659
201667416    27  3635
201601884     5  3632
201667423    56  3685
201798497     9  3637
201601900    44  3492
201405299    19  3633
201798516    16  3663
201536378    43  3644
201536379    60  3656
201536382    13  3687
201667456    33  3626
201864068    63  3655
201405318    68  3650
201339783    38  3673
201339786     9  3655
201733003   149  3658
201339787    15  3658
201143183   101  3684
201536401    86  3688
201733012    37  3676
201798549    63  3669
201733018    75  3664
201536413    12  3703
201208734    34  3492
201733023    45  3630
201798562    24  3654
201536421    14  3674
201339814    60  3689
201667498    20  3646
201667502    37  3636
201536439    51  3705
201733048   199  3684
201208769     9  3694
201667529   178  3675
201143243   433  3438
201601996    19  3686
201143248    26  3617
201602005     3  3643
201798613    55  3684
201929685   101  3620
201733081    20  3691
201864159    19  3695
201733093    58  3675
201929706    22  3666
201208812    24  3558
201667565    58  3680
201405427   155  3675
201733117    53  3569
201798656    53  3681
201208832    22  3590
201667587    66  3705
201864208   103  3670
201274384    94  3644
201798679    26  3591
201602072    12  3645
201208858   102  3661
201602077    22  3612
201536541    22  3641
201471011    44  3682
201405480     9  3634
201602090    39  3635
201208875    11  3669
201667626     1  3604
201733168    19  3671
201208882    93  3616
201536564    45  3632
201536565    31  3668
201667642     0  3588
201929789    95  3639
201864253    11  3523
201667649     0  3572
201864262    31  3577
201471046    69  3647
201733194     2  3651
201405515    47  3657
201536589    78  3686
201929809    53  3676
201667667   169  3650
201667670    99  3687
201733208   120  3613
201602141    53  3659
201798752    61  3684
201405536   117  3641
201798755    43  3667
201208937   120  3658
201733227    12  3694
201340016    98  3709
201602162    76  3654
201471092     8  3577
201208950   167  3652
201798774    39  3663
201602170    36  3672
201471101    29  3624
201733246    72  3673
201405567    52  3582
201471104    65  3680
201405569    30  3604
201471105   124  3679
201864323   141  3652
201143426    73  3685
201405570    70  3676
201929874    44  3571
201798805    20  3671
201864342    72  3587
201733271    86  3688
201667747    10  3680
201929892    15  3648
201602213     0  3624
201798831    11  3697
201864370    52  3647
201340084   104  3669
201798842    79  3673
201602235    10  3594
201798844    23  3656
201602244   155  3672
201733322    71  3652
201471185    48  3675
201536727    22  3658
201929943    61  3652
201536734    70  3682
201733345    58  3671
201733350    33  3631
201864428     9  3652
201667822   127  3633
201340144    93  3677
201405682    34  3508
201340150   138  3696
201798911     2  3665
201340161    36  3680
201209090    27  3701
201405711     4  3555
201864463    55  3659
201602321    75  3681
201667859    50  3678
201536793    40  3677
201602332   184  3655
201864478    73  3698
201733406    -1    -1
201209123    74  3685
201667881     7  3653
201340202    18  3673
201602349    89  3703
201798959    15  3665
201733424   101  3661
201864502    73  3658
201536823    22  3661
201798969    12  3656
201340219     1  3626
201471294    28  3618
201405759    56  3612
201798976    23  3653
201602367    95  3676
201930053    45  3652
201864517    35  3653
201602375    12  3603
201340231    39  3669
201733475    22  3699
201667939    69  3657
201667940   163  3658
201667941   114  3674
201864548    67  3667
201667946    71  3665
201471339    23  3665
201536877    28  3645
201143664    28  3670
201209205    24  3705
201209207    75  3628
201733499   138  3628
201405825    64  3652
201536900   100  3642
201602437    27  3601
201340301   105  3505
201209234    21  3538
201536914     7  3643
201930133    32  3505
201864598   127  3659
201864602    78  3627
201209247     0  3567
201799077    33  3641
201602470    29  3667
201668006    54  3657
201209256    31  3639
201536938    11  3653
201668012    18  3678
201864620     9  3650
201930166    63  3686
201602489     4  3647
201536956    21  3656
201733564    21  3675
201668034    93  3655
201668035    33  3686
201405892    42  3653
201864646    40  3656
201864650    23  3653
201274828   121  3683
201930188    25  3610
201799119    11  3655
201733586    37  3661
201668051   108  3654
201209303    36  3638
201471448     8  3571
201733598    16  3672
201733607    98  3670
201537001    30  3638
201733610    68  3693
201864681    80  3665
201602541    52  3596
201799157    32  3660
201733627   114  3697
201405950   107  3704
201733641    99  3681
201471498   113  3666
201864719    95  3660
201537041    13  3624
201602578    63  3674
201930260    19  3621
201405983    18  3681
201537058    15  3595
201274915    38  3665
201274921   117  3655
201733675    26  3653
201668140     7  3584
201537069    10  3689
201799223    18  3664
201406009    12  3697
201471546    93  3696
201340473     8  3661
201143872    59  3670
201668162    48  3641
201799242     1  3640
201733708   113  3665
201274959    47  3661
201340496    25  3669
201602643    56  3681
201799254    11  3654
201602648     8  3631
201668185   121  3664
201668190    15  3576
201864800   161  3682
201668193   187  3545
201143916    41  3627
201406063    19  3699
201864816    34  3573
201340536    19  3674
201668218   173  3666
201471613    38  3666
201275006    66  3639
201733764    35  3672
201537160   114  3681
201340553    40  3656
201864841     1  3547
201864844   107  3654
201471628    23  3618
201668242    20  3659
201537170    79  3651
201930394   117  3649
201668255   569  3468
201406115     8  3613
201406126    20  3615
201209521    61  3632
201733811    36  3668
201864887     7  3588
201733816    79  3684
201471675     6  3519
201340621    43  3704
201340627     4  3596
201406166    33  3576
201537240    19  3637
201733858    21  3678
201340642    39  3668
201537258     8  3554
201930475    34  3668
201668332    21  3594
201930481     0  3601
201668343    29  3556
201733881     8  3606
201602813   721  3521
201406210    14  3631
201602818    37  3654
201602820    94  3687
201340678    48  3682
201471752    22  3622
201733898     5  3663
201733900    13  3664
201930509     0  3569
201733901    20  3641
201799439    91  3637
201537300    13  3629
201602837    19  3623
201406230    45  3620
201799447    90  3686
201602845   127  3695
201406238   131  3652
201668383    18  3661
201209632    46  3613
201340708    18  3670
201406245    26  3598
201602854   139  3566
201733930    78  3659
201930543    36  3636
201275184   145  3675
201799472   130  3691
201930546    99  3698
201668402    15  3643
201668409    18  3642
201340731     5  3592
201799484    35  3660
201340742    18  3711
201537352   256  3678
201275219    84  3655
201144157    70  3659
201537385    12  3654
201799532    31  3692
201209715    37  3664
201602931    31  3610
201734003     0  3568
201209721     3  3652
201930618    73  3629
201799549    63  3688
201930626    92  3660
201734032    35  3673
201340817    14  3669
201668511    84  3665
201930658    30  3660
201275303    58  3600
201340840    85  3669
201340850    41  3662
201668531    15  3630
201275316    52  3632
201209781    47  3660
201865143     1  3613
201209783    39  3488
201144253    70  3651
201734079    55  3634
201799617    44  3658
201603013    65  3611
201537478     6  3651
201603017    98  3653
201209802    59  3643
201865163    16  3650
201865165     5  3579
201668566    33  3687
201930718    53  3646
201471975    49  3657
201275368    27  3643
201537512    56  3666
201340913    90  3673
201340916    11  3642
201471998   150  3685
201603079   212  3651
201668627     8  3572
201734164    24  3688
201537560    27  3693
201537563    86  3556
201144347    47  3649
201406494    61  3667
201209895   279  3466
201603116    10  3642
201209903    19  3578
201275440    46  3643
201734194    46  3659
201603124    29  3623
201668662    21  3620
201472056     0  3608
201668665     0  3612
201472058    25  3620
201668668    10  3563
201603134    14  3617
201406529    24  3669
201734212     8  3652
201865287    34  3610
201734217    37  3683
201668683     8  3645
201865293   110  3684
201341005    57  3672
201341007    23  3668
201406544    10  3681
201799761    51  3658
201472078    39  3626
201865303    43  3680
201930840   155  3675
201144407    77  3619
201209949    66  3650
201275488    19  3632
201865314     8  3642
201209957    33  3658
201406566    96  3621
201603178    22  3647
201734259    16  3675
201799796    65  3693
201209977    37  3592
201930873    55  3628
201472124    98  3539
201537661    15  3657
201799806    81  3588
201668737    61  3565
201603203    58  3660
201734280     3  3668
201275529    56  3666
201210002    34  3628
201341085    47  3678
201865375    34  3639
201603234    51  3642
201406638    18  3653
201341109    82  3684
201210041    21  3674
201734332    38  3668
201603264    44  3592
201930947    56  3647
201930950    86  3643
201865415  1663  3630
201537734    11  3637
201603276    11  3634
201668824     8  3655
201144538   139  3701
201799902   200  3654
201799910     5  3659
201210103    34  3664
201275645   116  3647
201603336     2  3603
201799946    57  3654
201210123    56  3628
201931019   196  3655
201537804    98  3693
201472270    37  3544
201603347    27  3639
201210135    14  3644
201341211    12  3654
201668891   250  3582
201144607    31  3612
201275684    48  3579
201144619    61  3649
201537835    32  3686
201537837    15  3580
201144622    99  3662
201734447     0  3642
201799986    41  3542
201406771   139  3655
201603381    76  3668
201603386   105  3599
201865532    18  3707
201931070    69  3637
201472320    52  3634
201734466   146  3670
201603397    36  3682
201865543    71  3659
201668942    34  3550
201603408    62  3660
201210207    35  3662
201800034    41  3669
201668964    98  3646
201537894    20  3600
201865576    57  3704
201275753    16  3631
201668969    48  3673
201668973    19  3667
201472370    23  3641
201865590    25  3648
201406839   147  3665
201800060    60  3666
201800065   160  3623
201210247    31  3675
201603465    57  3621
201472395   640  3461
201931148    60  3662
201472396    48  3602
201734553   124  3664
201669018    56  3648
201210268    86  3683
201669020    36  3652
201406878    35  3653
201603492     7  3589
201931172   138  3653
201669032    91  3669
201734573    42  3683
201734578    50  3631
201603508    38  3680
201734587    12  3689
201406909   111  3678
201472447    57  3624
201865669   138  3689
201931208    29  3665
201472456     1  3550
201800139   104  3675
201669067    21  3661
201800145    90  3656
201538012     7  3579
201603552    13  3686
201341418    58  3687
201603563   132  3652
201669102     4  3680
201275887    66  3681
201406960    10  3619
201210358    44  3605
201406969    45  3632
201931258    67  3633
201669114    94  3670
201472508    94  3628
201669120    34  3617
201472519     0  3529
201603595    53  3640
201275920    43  3656
201144854    27  3687
201669155    38  3688
201210404    62  3594
201734695   109  3663
201407020    48  3641
201210415     6  3652
201275953    13  3647
201800247    24  3603
201210424    53  3546
201734721     7  3638
201734722    77  3664
201734727    74  3465
201538123     1  3598
201800269    59  3664
201734734     7  3642
201210448    11  3667
201472593     5  3628
201210451     6  3566
201407063    25  3668
201603672   158  3695
201931358    56  3610
201275999   121  3660
201734755   102  3667
201341541     8  3680
201210476    16  3664
201472626    41  3635
201603699    19  3687
201734777     5  3659
201538190    58  3644
201865871    22  3667
201210516    88  3674
201603733    80  3679
201407126    59  3641
201210527    36  3667
201931437   105  3676
201669294    54  3661
201931438    68  3649
201341616    90  3663
201210548     9  3608
201603766    32  3656
201669313     5  3637
201800385    43  3693
201472710    30  3605
201407180     5  3673
201210574    79  3662
201931473     3  3564
201734867     9  3673
201407187     7  3640
201669343    26  3597
201276142    44  3653
201669360    62  3638
201472755    33  3646
201603829    27  3659
201210616   156  3675
201734906     0  3585
201865980   116  3635
201603840     6  3579
201734914     1  3639
201734915   150  3670
201210629    36  3560
201603846    11  3619
201407248    15  3588
201538330    81  3686
201538331    15  3686
201669408   109  3686
201538343    16  3676
201669416    44  3674
201407276     8  3643
201407278    91  3689
201407281    50  3567
201210674    16  3661
201866044    15  3639
201341761    41  3681
201669441    58  3699
201276227    54  3668
201603909    52  3639
201734988     0  3655
201538383     1  3613
201210714    52  3668
201341786    54  3695
201735005    46  3641
201341797    20  3658
201669479     9  3640
201931630    65  3601
201931632    70  3574
201145202    39  3643
201669491   116  3658
201472883   103  3658
201145205   113  3670
201276278    37  3678
201276277    53  3692
201210742    88  3646
201603965    23  3503
201603968    29  3574
201800578    20  3673
201735055    82  3665
201276307    33  3653
201538452    44  3562
201800604    89  3693
201210784    69  3660
201735076    77  3625
201866156    26  3510
201407404    22  3690
201669549    94  3666
201210800   134  3644
201866166    75  3649
201472953   449  3588
201604025   101  3661
201604026    42  3636
201735103     0  3611
201604033    38  3686
201276356    68  3626
201538502   137  3604
201931718    61  3596
201866184    33  3635
201472969    41  3579
201145292   119  3672
201538513    61  3710
201669588    50  3651
201866197    33  3663
201210838    17  3657
201604056     8  3498
201538521    18  3656
201604058    13  3649
