202670081    63  3668
205094917     2  3626
204865545    25  3662
203849738    20  3630
205225995    44  3629
203849739    54  3624
204996621   101  3636
204963854    20  3616
205684752    49  3651
205586449    19  3647
204996627     3  3616
204472342    51  3507
202604573    11  3536
202637341    73  3477
202997793    23  3452
204144676    20  3577
205291558   111  3636
203423784     6  3629
205652010    91  3637
202637357     5  3374
205684783    10  3589
203063348    23  3648
205553716     3  3534
204931127    32  3626
204537912    85  3651
205062204    32  3614
205684798    19  3664
205684800   163  3440
204111943    14  3594
203817032     0  3635
204243018     1  3557
204898379    52  3632
205586508    12  3544
203030605    10  3643
203096145     4  3602
205062229     2  3654
203620439   106  3648
204210270    67  3555
204800098    48  3636
204111973    16  3605
203980901    57  3675
204832874    83  3596
204963947   133  3570
205160565    27  3570
205684854    18  3541
204603511    90  3519
203554939     0  3618
202670207    41  3597
203882625    11  3582
204374147     6  3617
204603524     5  3548
203030662   148  3662
204865673    14  3678
205127819    70  3587
205619340    17  3433
202997901    67  3550
204963987   198  3554
204177560    80  3591
204046488    36  3565
205717662    91  3591
203915424   163  3578
205488290    18  3572
205062307     5  3585
204538021     3  3549
204406951    15  3547
204177576    16  3654
204832936    25  3647
204112039    65  3625
204210351    99  3574
203653296    10  3626
204439731   116  3642
205095092    15  3686
203030715    53  3649
204964032    19  3627
203849922    74  3678
205193415     7  3585
203686088     7  3595
205652169    19  3557
202604746    60  3620
204341451     0  3595
205095118    25  3654
204341456    40  3652
203096274     4  3609
203849943    49  3618
203948264    69  3656
204570856   138  3642
204243178     1  3543
202506474    40  3465
205422831    30  3646
204669171    30  3613
205160696   129  3637
205684985     1  3579
204964091    -1    -1
204177661     5  3555
204505345     3  3560
203063555    14  3523
202604807   133  3525
204570889    67  3659
202932493     0  3561
204669200    17  3634
203915538    69  3590
203325718    57  3577
204701977    18  3555
203587865    79  3611
205619483    12  3506
203358493     6  3588
205390110    35  3431
204472605    46  3642
204603680     3  3537
204996897    86  3634
204472612    19  3682
204767527    31  3633
204931373    16  3667
204439854    99  3627
204505389    88  3676
205390128     6  3506
204570929    18  3590
204931380    61  3653
203882809    34  3572
205259072    35  3656
203030851     1  3607
204341571     7  3596
204407109    25  3589
204144965    99  3558
202768712    17  3638
203850058   109  3595
203129163    16  3573
204538187    19  3581
203489614    65  3546
203620691    31  3546
202998099     6  3647
203817304    14  3609
204996953     2  3584
204210528    59  3666
203555168    21  3649
202539362    30  3356
205685091    23  3655
205291879     1  3572
203981162    78  3519
202768746     7  3641
204439921    18  3633
204636533    60  3634
204177785     1  3610
202965370    10  3635
204145017    51  3633
205586815    35  3610
203751812    12  3641
204210568    21  3571
203915660    35  3600
203686287   253  3607
204538257    11  3628
202604953    11  3495
205029786    36  3643
204571034   103  3622
204374426     4  3554
203063710     1  3505
204669346    27  3577
203522467    14  3575
202899888    40  3654
205521330    15  3551
204865971    10  3653
202703285    20  3660
203588024    32  3616
203850171    75  3593
205652415     9  3629
202539462    13  3502
203981255    32  3549
205160903     1  3632
205062600     2  3665
204538314     3  3538
202867149    13  3635
204210637    32  3566
204014031    73  3610
202932689    43  3647
202965460    13  3594
205619671    18  3631
203030999    15  3648
203031002    26  3654
203784668   110  3433
205095393     2  3614
203260386    17  3598
204374502     2  3640
204931558     2  3648
204308967     3  3503
204931563    24  3553
203260397    -1    -1
203588078    53  3540
202867181    24  3614
205619696    48  3478
203260402   213  3447
202703347     5  3573
202998261    11  3526
204308982    42  3634
203719159    81  3636
203882999    21  3631
203915766   208  3631
202899967    16  3655
203293186    16  3492
205324803    80  3650
205652484    43  3656
204833284    28  3680
204243465     1  3597
204210698    46  3698
204210699    28  3518
202670604    20  3554
202670605    70  3506
204079630   281  3491
204800531   306  3482
205062676     5  3535
204079637    13  3632
204898840     5  3690
205029914    55  3585
202768924     3  3567
203883043    28  3685
202736167    27  3660
204341803    12  3518
203784748    65  3594
205292077    14  3602
204341806    35  3684
202998315    44  3602
203096624     3  3598
204997165    29  3658
205718067    59  3568
203522616    17  3560
203031097     0  3585
205128250    48  3649
203784765   111  3555
203751997    93  3567
205193796    41  3628
204866126   152  3664
203752015    22  3605
205062736    16  3587
203391576     6  3614
204341850    30  3567
202801758     5  3585
204440160    66  3692
204538466    46  3642
202637922    33  3522
204669540    18  3638
204472933     4  3558
202605160    13  3632
205226601    28  3660
205488745    14  3486
203489901    36  3610
205259374   257  3600
202867318    44  3645
204898935    61  3628
202867322    11  3644
204112508     5  3610
203555454    12  3640
204866175    43  3655
205488774     6  3496
203358855    10  3563
205488776     4  3573
204898957    19  3633
205062797    12  3604
203752079    13  3588
205456016     9  3594
202703505    20  3668
202670737    25  3648
205030030    72  3687
202637973    14  3627
204931741    47  3668
204997278    33  3593
204604063     9  3534
204636835    29  3636
204669608    82  3574
204898985     1  3616
205652650    31  3607
205619883   117  3496
203489964     1  3579
204047021    58  3637
205587117    44  3523
203817648    82  3569
204800691    48  3632
204997302     4  3612
202736310     6  3662
202638008    77  3595
203850425    76  3679
204997306    23  3638
204374716    27  3621
205685438    14  3563
204374720    38  3653
204505794     3  3638
204014276    53  3672
204767942     0  3566
204833485    31  3656
205030096     9  3595
204669649    20  3597
204997331   103  3627
204407509    27  3604
205030103   360  3604
204079832    74  3617
205030111     1  3611
203686629     1  3552
204669670     3  3616
202965734    10  3605
202703597     5  3627
204899054    16  3690
204538608   157  3486
204440306     2  3527
203588340    20  3584
204931829     4  3611
202703609    17  3628
203817722   198  3597
203424507    24  3605
204243708    43  3583
202965761     6  3596
202965766     2  3590
203621126     1  3587
203686664     6  3653
203424524   190  3505
202605327     7  3683
202900241     0  3520
204866323    97  3575
202900244    14  3577
205554453     6  3474
204243734    28  3567
202703639    78  3579
204899099     6  3649
205587227    30  3623
205685534     3  3611
205095711     0  3585
202507039    86  3445
203555618    10  3532
204112676    99  3612
204931878    53  3645
205718311    61  3649
205259559    31  3586
205095721    16  3661
203621167    53  3609
203752239   237  3664
203293489    78  3590
203785010    81  3624
202998581     5  3578
205488952    92  3635
203686713     1  3640
205718330    75  3640
204571451    38  3485
204079931    58  3651
204374865     1  3563
203522897    10  3608
205718353    66  3638
204342099    60  3601
203752278     9  3672
204309335    16  3602
203031383    18  3593
205194073    91  3571
204309340    96  3612
204604255     6  3500
202736484    32  3600
203031403     5  3612
203850605   157  3534
205226863    15  3644
204473202    19  3627
203555702    53  3639
205128566   131  3646
205194104     1  3602
205063033    34  3666
204309371    14  3553
203129733     2  3546
205128582    23  3672
204833677    20  3683
204735377    55  3546
203457426     0  3624
204538777     7  3621
205718425    26  3640
203129765    18  3455
204899241    38  3651
204211116   115  3629
203097006   185  3607
205325231    69  3577
203817904    26  3556
205128625   113  3589
205030321    18  3602
203817906    95  3583
204309429     4  3647
203555765    96  3657
204899258    38  3626
203162555    13  3615
203654076    51  3658
205390780     2  3617
204702657     9  3613
203817922   129  3635
202900420     6  3615
205587397     1  3553
205390789    38  3594
204604359     2  3618
205063111    19  3637
204473285     6  3530
204243913    29  3607
202802118    -1    -1
204407756     6  3569
203981774     0  3554
204669907    16  3598
205620180    13  3618
202900437    19  3605
202736604     6  3604
203654111    23  3599
205587424    44  3672
204538849    18  3597
202998751    16  3615
203523043     2  3636
205554659    51  3496
203523040    49  3588
205194216     1  3589
203031529    57  3593
205226987    22  3633
202867691     8  3600
205620208    10  3538
204604402    29  3619
202802163    29  3614
202834934    39  3675
203456510   167  3634
205620218    78  3421
203752443     9  3624
204866556    38  3601
203129854    14  3637
205161474    19  3624
204932100   190  3647
205325317    68  3629
202834950    14  3617
204964875    11  3642
203719691    16  3598
203424781    25  3667
202900497     0  3581
204407830    48  3475
204440603   212  3551
205554715     1  3509
204506141     9  3605
203916321     0  3590
202998817    18  3585
204735523    16  3600
202802209    47  3686
203555877    76  3650
205063201     7  3587
205063210   124  3594
203555882    80  3681
203850795    91  3603
202900527   225  3606
204506161    68  3647
203719729    30  3613
205456435     0  3493
202900533    33  3602
204964919     5  3620
202540096    17  3577
202802241    31  3635
205063236     1  3621
205685829    31  3647
205587528    15  3574
204407880   260  3566
203949130   158  3570
205423690     8  3532
205194318   200  3610
204178510    26  3584
203883599    49  3644
203686993     5  3681
204833875     6  3649
203031639    16  3642
203883608    77  3607
203949143    78  3624
205194330    96  3614
203916376    76  3610
204244064    11  3593
204178534   117  3624
203195498    14  3581
205227115     4  3622
203752556    73  3588
202638453    25  3634
202638454    39  3689
202802295     8  3666
203490425     8  3594
204801146    21  3595
203424891    16  3543
205554809   807  3487
203949183    75  3578
202540162    60  3498
204637319    81  3618
204047506    87  3622
204932248   261  3658
205227164    75  3484
204276894    21  3522
203916447     8  3594
204309664    19  3609
203654302     8  3631
204178591    25  3532
202572958    42  3491
205685924     7  3511
204997796     5  3606
204899497     7  3580
205587626     3  3488
205161643   199  3625
204506283   115  3627
204309679    99  3673
204604592    27  3653
203687088     3  3638
203424947     3  3641
203752634     0  3616
203752638   119  3670
202572997    47  3497
203687112    26  3518
202802376    15  3665
204768459    13  3608
204997837     6  3592
203687122    19  3632
205161686   111  3479
204244182     1  3617
205063387    60  3651
202900700    20  3492
202704092    39  3477
202769630     8  3624
204801261     0  3585
204506350     7  3505
203916530    49  3604
205456628     5  3512
204997877    18  3602
204506357     0  3556
203982074    37  3557
205227262    38  3555
203392259     8  3558
204145930   164  3657
203130129    36  3664
203064595    20  3563
202802454    18  3691
205030679     1  3616
204604708    53  3420
204145957     6  3545
204768550    10  3568
204604717   116  3476
205129009    40  3542
202966322    11  3629
205587764    28  3658
204571956     9  3554
204309814    36  3641
202638647    72  3645
202868020     9  3658
205260089    29  3596
202638653    24  3620
204539201    11  3605
202638661    46  3638
204899654    31  3666
205030726    56  3498
203720006    61  3616
203818315     0  3659
205555022    13  3572
205686099     8  3547
203752788    14  3628
203654486    44  3643
205161826    71  3679
204965221    48  3583
203425127    12  3630
205456757     0  3513
203097461    10  3629
205522301    19  3680
202671491    68  3631
203851147   240  3603
204998029    27  3649
205686159    24  3409
203883921    12  3574
203785618   200  3648
202933650    27  3602
205424020    16  3603
204998037    12  3613
204801429    25  3619
202704279    35  3627
204375448     4  3589
204408216     2  3621
205456788    15  3579
202769820    11  3658
205194655    16  3616
203752863    11  3575
203130273     3  3600
205587880     6  3577
204572073     7  3557
204047789    14  3567
205260205   121  3622
204080563    78  3604
204637622     7  3572
204441014    24  3567
202802616     2  3625
205686202   108  3620
205129147   217  3630
204473787    22  3450
204703174     3  3610
202966473     2  3606
203523532    18  3569
204998093    17  3568
203720146    64  3600
205653463    20  3548
205030871    41  3636
204834263     5  3666
203228632    17  3576
204277211     0  3637
205096407   112  3643
203589087     0  3551
204932578   196  3418
205161954     2  3568
205325796    16  3539
204637674   121  3511
202704365    20  3648
204441070    31  3636
205686256   196  3602
205227505     3  3458
204244466    21  3635
203818486    46  3587
202606073    26  3593
205653500    12  3625
204277248    47  3544
205620738    23  3652
202802691     9  3638
202606089     8  3508
202638858    57  3587
205587983    51  3609
204768783     2  3570
204211738    63  3627
204932637     7  3630
203720222    54  3520
203720226    24  3585
205686306     5  3548
204506663     6  3654
203556395     7  3661
204244528     4  3626
204310064    47  3669
205227574    13  3568
202802744    26  3643
205719097   138  3636
205456956    39  3654
204342846    14  3663
204113476    11  3627
204375621     5  3590
203458117     8  3648
203818577   134  3607
205260371    44  3621
204047957    71  3650
205031007     5  3613
204965472     4  3633
204801632    61  3675
202999396    19  3614
203556454     0  3619
205456999     3  3570
203490920     0  3618
203097707    26  3642
204211819    10  3573
203720301    95  3515
204179058    56  3584
205162102    39  3629
203458168     8  3604
205489786    27  3531
202737275   109  3618
204605052   224  3484
204244604    17  3583
202933888   121  3572
202901120    26  3553
204113538    18  3660
202606214     8  3620
204899977    18  3598
204506762     3  3586
204015244    21  3607
203556494     6  3637
205686415    10  3487
203490960    16  3572
203720334     4  3633
204441234   123  3608
204146325   119  3565
204080790    10  3621
204441237     0  3556
205358744    61  3641
204506777   156  3443
202639004    14  3618
203818653    13  3580
202639006    40  3673
203032224    18  3633
205522592    51  3607
204310178    50  3641
204867232     0  3624
204539556     8  3583
203916964    66  3664
204900010   125  3643
204310187    81  3645
203687600     2  3596
203785905   112  3582
203032243    23  3662
202999476    12  3629
204998331    29  3615
205326018    14  3543
203851464    43  3609
203359954     7  3555
203032278    18  3636
204113622    53  3602
205031131   477  3622
204375771    11  3603
203785951    27  3615
202901218    10  3618
203556580     7  3566
205326052    17  3532
205489894    27  3628
204211946    74  3643
204343021     9  3632
202868463    13  3624
203753201   110  3644
204277494    18  3639
202737400    12  3583
203458297    25  3603
204179193   104  3637
204834567    62  3658
202704648    14  3646
204670729    65  3615
203622155    67  3635
203097870     0  3611
202802958    25  3618
204277523     5  3597
203917077    12  3550
203228952    23  3525
203917082   175  3631
203654939    33  3582
204441374    99  3575
204736288    12  3591
204408610     2  3573
203851555    47  3619
204146468   151  3584
204867365    30  3542
205096742    85  3651
203818786     2  3644
204408619   119  3603
205063980     9  3602
204801837   134  3678
204506926   956  3451
204080947    33  3589
205063989    22  3654
205522741    17  3575
202606391    49  3662
204638008     4  3543
202737463    16  3660
203360056    65  3668
203491132     9  3660
205129536    11  3594
205162306    47  3660
202639174    27  3620
204867399    19  3632
203491143    61  3561
205686601    92  3648
204212045    16  3616
202770255     7  3613
205195088    24  3558
203917139    19  3534
203392853    29  3617
204867415    20  3668
203589463    47  3594
204572503    18  3570
205719389    51  3606
205522782   269  3450
203884383    14  3619
204801889    10  3639
204638057     7  3580
203392874     0  3619
203818861     5  3616
205588334    18  3575
204638066   150  3602
204998517    27  3676
204801910   816  3496
202770296    14  3602
202868602    13  3612
205260668    58  3606
204113788    17  3613
204932990   191  3616
205555582    47  3644
203720577     7  3684
205588355    35  3676
204408707    29  3583
204081030    17  3526
204375943     5  3634
203884424    56  3666
203655051   241  3575
204408716     4  3585
203589521    24  3635
205424531   115  3623
203491220     3  3656
204703639     3  3634
203556760    22  3586
202672023    53  3531
203687834     9  3566
203655063   114  3622
204867487    35  3589
202606496    47  3611
203884452     1  3674
204343212     7  3674
204867503    32  3621
205588399     7  3591
204277679    10  3657
204933042    16  3602
203098034    27  3526
204965815     1  3601
203884472     1  3547
205457342    22  3444
202737605    10  3669
203655113    54  3556
205129674    -1    -1
205129673   105  3553
205522891    39  3574
202672078    19  3633
204638158    34  3570
204933075    62  3619
204277718     7  3542
203753432    24  3641
203458522    64  3552
203851740    10  3551
205653981     5  3532
203786209    99  3602
204834789    72  3665
205686761    21  3651
204638189    81  3647
202999791    34  3609
203687919    17  3641
204376053    21  3666
203032566    35  3623
205359095    60  3648
205588471     8  3561
204998650    60  3497
202999810    75  3628
204998661    27  3560
204376071    34  3627
204867593   130  3624
205293581     8  3594
205129746     3  3562
204998674   126  3636
202901524    10  3634
205228053   250  3648
203524118     7  3559
204179479   113  3655
203884569    53  3674
205686810    32  3663
203556894     8  3599
202672160    60  3514
202639393    80  3520
205195299     9  3612
205522980    74  3637
202934308    17  3611
203884580    13  3632
204638251    50  3517
203065387     2  3591
204900403    20  3648
203425852    10  3603
204965950   153  3647
205195327     7  3606
205621312    15  3631
205359167   220  3596
204474434   111  3623
204539970     7  3606
203917388     7  3554
205391949    16  3598
203622479    24  3641
204998735     4  3632
203556946   156  3576
204671059    28  3610
203851860    48  3564
203950167   193  3549
204212320    60  3546
204179554    70  3675
205457507     1  3557
203458660     4  3640
204081253    19  3643
203032681     8  3576
203753577   221  3565
203065453    17  3619
204998766     6  3602
203294831   159  3536
204998768     8  3606
205064305    22  3639
203622513     8  3566
205097077    11  3643
205031544     2  3631
202639482    21  3617
203294843     9  3567
204114050     3  3591
