206143491     4  2984
206176261     2  3103
206405641    10  3025
205914127    15  3033
206405648     0  2965
206241811     7  3053
206045204     0  3033
206405651    12  3050
206405661     7  3077
206045213     7  3102
206012451     7  2975
206110760    10  3057
206503981    28  3045
206110770     1  3130
206078005     2  3083
206143545     8  3115
205946940    12  3086
206110784     6  3129
205979712    25  3090
205946958     3  3102
206143570     2  3054
206438484    11  3087
206110805     5  3039
205979736     4  3038
206143580     0  3111
206143583     5  3047
206012512     2  3127
206209122     1  3041
206274660    16  3034
205914213     7  3011
206209135    12  3115
205946992   316  2654
206471280    15  3027
206438514     9  2952
206209138     3  3123
206045300    16  2978
205979766     9  3121
206078073     0  3074
206471294    53  3077
206438527     1  2920
206340229     2  2966
206372998    10  3033
206012551    23  3051
206078088     5  3124
205947026    11  3083
205979796     2  3026
206110870     6  3169
206012567     6  3139
206307482     6  2932
206078107     8  3081
206078108    10  2876
206143646     4  3116
206012574     9  3123
206373024     8  3022
206274726     2  3117
205947048     2  3075
206110889     4  3045
206143659     1  2897
206176428    20  3079
206009397     2  3099
206209199     4  3139
206110898     4  3054
206569651    24  2920
206045363     2  3061
206045365    12  3139
206110903    16  3113
206012599    19  3106
205979832     7  2970
206176441     2  3060
205947067   114  3034
206078139    84  3091
205979837     1  2917
206045377     3  3038
