210796546     6  3223
211025922     0  2870
211025925    55  3154
210698245     9  3146
210534409     4  3267
211058698     6  3220
210993165     4  3147
210927635     1  3208
210763795     5  3185
210370582     4  3166
210763799     1  3095
210796572     3  3184
210927645     1  3234
210960413     5  2937
210567200     9  3086
210960416    34  3171
211091492    25  3168
210436133    12  2907
210370599     2  3013
211091497     6  3198
211025964     4  3082
210796589     0  3165
210599981    90  3159
211011275     1  3035
211124272    10  3049
210665521     7  3118
210599987     3  2995
211058748    16  3220
211058754    21  3110
211025987     0  3059
210763843     6  3209
210960456     6  3127
211157068     2  3128
210468941     0  3023
210763852    15  3203
211091536    34  3143
210403410    13  3121
210927700     9  3141
210744254     8  3198
210829398     2  3093
210993240     6  3147
210665561     2  3212
210501726     5  3167
210829407    11  3218
210370656    20  3135
210763876     2  3184
210993252     0  3164
211058794     2  3030
210600043     6  3123
211058796    11  3214
210894955    20  3191
211026028     4  3111
210960495     0  2942
210927722     4  3215
210894961     2  3186
211026033     1  3232
210698355     5  3145
210567284    33  3082
210468979     0  2924
210731126     8  3190
211058801     2  2879
210796664     0  2932
210894969     2  3083
210731130     1  3183
211026043     0  2844
210763899     6  3023
210337911     1  2979
210731134     6  3156
210567297     1  3125
210796674     3  3201
210731139     9  3207
210501762     0  3206
211157125    36  3191
210698373     9  3176
210698378    12  3169
211157130    12  2973
210731150     4  3215
210534545     6  2987
210763921     8  3160
210534547     1  3156
210731155     0  2972
210534548     5  3233
210862226    65  3159
210763937     6  3151
210731169    13  3102
210763939    14  3227
210895009     1  3157
210469029     0  3138
210993319     3  3025
211091623     7  3171
210337961     6  3070
210370729    21  3042
211026087    45  3113
210731183    15  3211
210763952    14  3113
210436274     3  2934
210796724     0  3155
211091644     0  3208
211026112    45  3191
210960579     0  2915
210600132     9  2984
211124420     3  3106
210534598     7  3098
211058884    10  2996
210796747    12  3202
210436303     7  2980
210534608     1  3211
210632918    17  3196
211026136     3  3182
