211746828    15  3357
211550228     5  3295
212008981     5  3316
211943454     2  3352
211353630     0  3224
211484707     4  3374
212140073     4  3223
211943466     4  3294
211550255     1  3253
211681332    26  3202
212140084     4  3335
212074550    10  3267
212009016     4  3270
211615806     1  3297
211419202    18  3398
211484744     0  3318
211550284     7  3191
211484749     5  3325
212074578    15  3337
211943506     2  3347
211681365     0  3273
211812437     6  3343
211419226     4  3294
211484763     0  3208
212009056     0  3196
211615840    36  3209
211484776     0  3342
211812457     3  3312
211550313     3  3325
212140139     4  3300
212140140     3  3305
211812468     0  3207
211484790     0  3178
211615862     4  3297
211419258     4  3362
211681402     5  3394
211943550     8  3399
211484804     4  3320
211681413     4  3102
211812488     4  3239
212140171    12  3282
211746967     1  3321
211812508     0  3303
211943584     5  3331
212009125    26  3291
211353766     0  3093
212009127     3  3374
211943592     7  3355
211353769     0  3018
212009130     4  3286
212074667     0  3282
212009131     8  3409
211353770     9  3242
212074674     0  3293
211615925    11  3359
211353786     0  3285
211943613     2  3398
212009150     9  3338
211747008     1  3187
211943617     1  3376
211943618     4  3315
211419331     4  3374
211943620    10  3210
211550405     1  3362
211943622     8  3301
211747021     1  3399
212074702     7  3308
212140240     0  3086
211943635     3  3349
212009177     3  3344
211615966     9  3287
211419362    17  2995
211878118     2  3263
212009190    10  3286
211681515     7  3253
211681517     0  3022
211943662     2  3385
211681518    32  3079
211353841     6  3186
212140278     4  3205
211484921     1  3275
211484922    20  3313
212074749     6  3395
212140287    28  3367
211747081     4  3357
212009226     6  3309
211616009     2  3375
211812626     7  3300
211616020     4  3317
212009237     2  3388
212009241     4  3343
211484954     9  3378
211681563    55  3278
212140320     8  3333
211747108    28  3303
212074790     1  3127
212140326    14  3231
212009255     5  3301
211616041     5  3317
211812650    17  3294
212074795     4  3322
211353902    11  3299
211812655     3  3249
211747119    11  3407
212074801     6  3401
212140336     3  3397
212074806     0  3389
211484983     6  3296
211419451    22  3274
211812668     5  3283
211550523     4  3261
212140348    38  3333
211812671     0  3247
211812673    31  3226
211353926    16  3345
212009294     7  3340
