212795395    14  3475
229227833     6  3498
212533256     4  3481
212467721     5  3488
212795409     1  3353
229227835     3  3473
229227836     4  3469
212402206    47  3282
212467745     7  3446
212336674     8  3400
212533284     1  3454
212795428     9  3436
229227839     4  3506
212664360     0  3161
212729900     3  3369
212598830     3  3479
212533294     5  3489
212402223     1  3396
212598833     6  3396
212664369     0  3435
229227841     4  3438
212533301     8  3437
229227842     9  3511
212664375    13  3461
212795447    16  3401
212598841     4  3435
229227843     9  3475
212467772    65  3402
212598846     7  3412
212664382     3  3410
212664383     0  3183
212336708    10  3390
212795460     4  3370
212336710     1  3417
229227846     3  3500
212664398     6  3479
212795472     7  3316
212402264     3  3369
212795484     4  3450
212664415   578  3445
212467808     3  3371
212729953     8  3397
212336740    11  3497
212664420     1  3112
212467820     2  3463
212664429     4  3451
212729966     6  3430
212598896     0  3295
212450638    12  3392
229227854     4  3452
212336755     0  3309
212598902     6  3424
212336759     0  3430
212271222     6  3422
212402298     0  3290
212598907    12  3444
212795516     0  3442
212664446     1  3495
212336767    12  3427
212402308     1  3388
212795526    10  3399
212795527     4  3332
212729995     2  3454
212467856     9  3472
212795538    52  3411
212598933    11  3436
212664470     9  3215
212402326     4  3430
212664473    12  3450
212533402     6  3389
229227862     6  3495
212598940     5  3442
212598941     1  3403
212664478     4  3448
212533408     2  3482
212402339     3  3372
229227864     7  3468
212795557     7  3462
212271271    10  3377
212533416     3  3431
212664487     7  3425
229227865     8  3514
212598955     4  3431
212598957     5  3398
229227866     5  3460
212664497     4  3439
229227867     6  3497
212336820     3  3482
212271290    47  3369
229227869    10  3485
212336831     7  3417
229227870     7  3506
212336837     0  3138
212402374     2  3488
229227871     9  3441
212730056     4  3422
212402378     5  3338
212795599    12  3401
212467922     3  3371
212402397     2  3446
212730078     6  3467
212599008    18  3135
212599010     2  3407
212599014     4  3458
212795622     2  3496
212467944     2  3495
212336872    13  3442
212533483     4  3467
212599022     1  3419
212450663    19  3437
229227879     1  3512
212533491     6  3479
212664568    10  3442
212664569    10  3430
229227881     8  3455
212664571   219  3165
212795644     8  3446
212599037     0  3365
212599045    15  3388
