220659714    12  3578
220463108    18  3584
220266503    23  3701
220200969    21  3614
220594185    50  3634
220659724     8  3611
220200979    12  3575
220528663     4  3599
220594200     3  3580
220266520    16  3596
220266523    18  3622
220528677    52  3618
220266536    16  3646
220594217    18  3605
220266545    10  3609
220266546    97  3628
220332083     0  3544
220266553     6  3660
220659770     7  3541
220332091    13  3587
220725316    86  3564
220463175    35  3576
220397640    11  3581
220332108    10  3575
220332115    29  3524
220266581    17  3603
220594267   171  3522
220463196     9  3500
220266588    31  3565
220201055   109  3577
220397664     5  3585
220594276    53  3698
220332133     9  3636
220201062    53  3636
220659820    29  3567
220594291   114  3674
220201080    23  3581
220332155     4  3631
220397691    15  3622
220332156     5  3546
220528770    16  3643
220528773    60  3604
220266630    41  3520
220201103   114  3619
220659856    11  3600
220528786    17  3644
220201107    22  3635
220528787    90  3632
220594326    -1    -1
220266654    39  3644
220201122    53  3675
220528803    10  3553
220201125   102  3679
220201135    25  3595
220397747   113  3685
220201143    76  3625
220201150    64  3633
220332224     3  3449
220594369     4  3618
220201153     2  3626
220659909   179  3609
220528839    16  3660
220594380    24  3644
220266710     5  3661
220397782    73  3655
220528857    43  3628
220463323    17  3657
220201184     2  3501
220266721    52  3639
220594415     7  3486
220332273     6  3598
220135666   102  3498
220201207     0  3542
220528887    19  3624
220528889    -1    -1
220463354    10  3672
220594425    49  3533
220201215    26  3602
220332287     7  3551
220528898     7  3614
220528900    44  3671
